Using pre-set license
Built from '2020.3/staging' branch; Version is '2020.3.0f1 (c7b5465681fb) revision 13088070'; Using compiler version '192528614'; Build Type 'Release'
OS: 'Windows 10 Home; OS build 19041.804; Version 2004; 64bit' Language: 'fr' Physical Memory: 7953 MB
BatchMode: 1, IsHumanControllingUs: 0, StartBugReporterOnCrash: 0, Is64bit: 1, IsPro: 0

 COMMAND LINE ARGUMENTS:
C:\Program Files\Unity\Hub\Editor\2020.3.0f1\Editor\Unity.exe
-adb2
-batchMode
-noUpm
-name
AssetImportWorker0
-projectPath
C:/Users/eoliv/Desktop/Unity/BAZOIN_CIRET_OLIVEIRA_3ADJV_PROGGAMEPLAY/Project
-logFile
Logs/AssetImportWorker0.log
-srvPort
55073
Successfully changed project path to: C:/Users/eoliv/Desktop/Unity/BAZOIN_CIRET_OLIVEIRA_3ADJV_PROGGAMEPLAY/Project
C:/Users/eoliv/Desktop/Unity/BAZOIN_CIRET_OLIVEIRA_3ADJV_PROGGAMEPLAY/Project
Using Asset Import Pipeline V2.
Refreshing native plugins compatible for Editor in 29.11 ms, found 0 plugins.
Preloading 0 native plugins for Editor in 0.00 ms.
Initialize engine version: 2020.3.0f1 (c7b5465681fb)
[Subsystems] Discovering subsystems at path C:/Program Files/Unity/Hub/Editor/2020.3.0f1/Editor/Data/Resources/UnitySubsystems
[Subsystems] Discovering subsystems at path C:/Users/eoliv/Desktop/Unity/BAZOIN_CIRET_OLIVEIRA_3ADJV_PROGGAMEPLAY/Project/Assets
GfxDevice: creating device client; threaded=0
Direct3D:
    Version:  Direct3D 11.0 [level 11.1]
    Renderer: NVIDIA GeForce GTX 1660 Ti (ID=0x2191)
    Vendor:   
    VRAM:     5991 MB
    Driver:   27.21.14.5206
Initialize mono
Mono path[0] = 'C:/Program Files/Unity/Hub/Editor/2020.3.0f1/Editor/Data/Managed'
Mono path[1] = 'C:/Program Files/Unity/Hub/Editor/2020.3.0f1/Editor/Data/MonoBleedingEdge/lib/mono/unityjit'
Mono config path = 'C:/Program Files/Unity/Hub/Editor/2020.3.0f1/Editor/Data/MonoBleedingEdge/etc'
Using monoOptions --debugger-agent=transport=dt_socket,embedding=1,server=y,suspend=n,address=127.0.0.1:56436
Begin MonoManager ReloadAssembly
Registering precompiled unity dll's ...
Register platform support module: C:/Program Files/Unity/Hub/Editor/2020.3.0f1/Editor/Data/PlaybackEngines/WebGLSupport/UnityEditor.WebGL.Extensions.dll
Register platform support module: C:/Program Files/Unity/Hub/Editor/2020.3.0f1/Editor/Data/PlaybackEngines/MacStandaloneSupport/UnityEditor.OSXStandalone.Extensions.dll
Register platform support module: C:/Program Files/Unity/Hub/Editor/2020.3.0f1/Editor/Data/PlaybackEngines/WindowsStandaloneSupport/UnityEditor.WindowsStandalone.Extensions.dll
Register platform support module: C:/Program Files/Unity/Hub/Editor/2020.3.0f1/Editor/Data/PlaybackEngines/LinuxStandaloneSupport/UnityEditor.LinuxStandalone.Extensions.dll
Register platform support module: C:/Program Files/Unity/Hub/Editor/2020.3.0f1/Editor/Data/PlaybackEngines/LuminSupport/UnityEditor.Lumin.Extensions.dll
Registered in 0.004836 seconds.
Native extension for Lumin target not found
Native extension for LinuxStandalone target not found
Native extension for WindowsStandalone target not found
Native extension for OSXStandalone target not found
Native extension for WebGL target not found
Refreshing native plugins compatible for Editor in 21.91 ms, found 0 plugins.
Preloading 0 native plugins for Editor in 0.00 ms.
Invoked RoslynAnalysisRunner static constructor.
RoslynAnalysisRunner will not be running.
RoslynAnalysisRunner has terminated.
Mono: successfully reloaded assembly
- Completed reload, in  1.923 seconds
Platform modules already initialized, skipping
Registering precompiled user dll's ...
Registered in 0.000735 seconds.
Begin MonoManager ReloadAssembly
Native extension for Lumin target not found
Native extension for LinuxStandalone target not found
Native extension for WindowsStandalone target not found
Native extension for OSXStandalone target not found
Native extension for WebGL target not found
Refreshing native plugins compatible for Editor in 0.32 ms, found 0 plugins.
Preloading 0 native plugins for Editor in 0.00 ms.
Invoked RoslynAnalysisRunner static constructor.
RoslynAnalysisRunner will not be running.
RoslynAnalysisRunner has terminated.
Mono: successfully reloaded assembly
- Completed reload, in  0.758 seconds
Platform modules already initialized, skipping
========================================================================
Worker process is ready to serve import requests
Launched and connected shader compiler UnityShaderCompiler.exe after 0.04 seconds
Refreshing native plugins compatible for Editor in 0.18 ms, found 0 plugins.
Preloading 0 native plugins for Editor in 0.00 ms.
Unloading 1128 Unused Serialized files (Serialized files now loaded: 0)
System memory in use before: 57.6 MB.
System memory in use after: 57.7 MB.

Unloading 10 unused Assets to reduce memory usage. Loaded Objects now: 1570.
Total: 1.571700 ms (FindLiveObjects: 0.121300 ms CreateObjectMapping: 0.031900 ms MarkObjects: 1.355200 ms  DeleteObjects: 0.062600 ms)

========================================================================
Received Import Request.
  path: Assets/Scripts/Enemy
  artifactKey: Guid(6fd0bed04a0582747af88fb2f2531e5e) Importer(815301076,1909f56bfc062723c751e8b465ee728b)
Start importing Assets/Scripts/Enemy using Guid(6fd0bed04a0582747af88fb2f2531e5e) Importer(815301076,1909f56bfc062723c751e8b465ee728b)  -> (artifact id: '40333f3e91f1335c0e19562d6a92cc02') in 0.005927 seconds
  Import took 0.007870 seconds .

========================================================================
Received Import Request.
  Time since last request: 33.505411 seconds.
  path: Assets/Scripts/PlayerMovement.cs
  artifactKey: Guid(7d160c52190750e48a85c0078ed202a4) Importer(815301076,1909f56bfc062723c751e8b465ee728b)
Start importing Assets/Scripts/PlayerMovement.cs using Guid(7d160c52190750e48a85c0078ed202a4) Importer(815301076,1909f56bfc062723c751e8b465ee728b)  -> (artifact id: '63e5d2b86638264ca70613875afd1f50') in 0.051581 seconds
  Import took 0.119509 seconds .

========================================================================
Received Import Request.
  Time since last request: 3.779888 seconds.
  path: Assets/Scripts/MovementUpdater.cs
  artifactKey: Guid(01a545a0d002cc645bda689ac78aa20e) Importer(815301076,1909f56bfc062723c751e8b465ee728b)
Start importing Assets/Scripts/MovementUpdater.cs using Guid(01a545a0d002cc645bda689ac78aa20e) Importer(815301076,1909f56bfc062723c751e8b465ee728b)  -> (artifact id: 'a83841695030534fbd623423ae26ed1d') in 0.002549 seconds
  Import took 0.005156 seconds .

========================================================================
Received Import Request.
  Time since last request: 0.001105 seconds.
  path: Assets/Scripts/MovementUpdater.cs
  artifactKey: Guid(01a545a0d002cc645bda689ac78aa20e) Importer(815301076,1909f56bfc062723c751e8b465ee728b)
Start importing Assets/Scripts/MovementUpdater.cs using Guid(01a545a0d002cc645bda689ac78aa20e) Importer(815301076,1909f56bfc062723c751e8b465ee728b)  -> (artifact id: 'a83841695030534fbd623423ae26ed1d') in 0.002208 seconds
  Import took 0.004672 seconds .

========================================================================
Received Import Request.
  Time since last request: 7.595217 seconds.
  path: Assets/Scripts/Enemy/InteractModule.cs
  artifactKey: Guid(610d8d64764b512468347e9b37c04a1b) Importer(815301076,1909f56bfc062723c751e8b465ee728b)
Start importing Assets/Scripts/Enemy/InteractModule.cs using Guid(610d8d64764b512468347e9b37c04a1b) Importer(815301076,1909f56bfc062723c751e8b465ee728b)  -> (artifact id: '80542e904f611486302b4a2197fe227d') in 0.003750 seconds
  Import took 0.008538 seconds .

========================================================================
Received Import Request.
  Time since last request: 0.003113 seconds.
  path: Assets/Scripts/Enemy/InteractModule.cs
  artifactKey: Guid(610d8d64764b512468347e9b37c04a1b) Importer(815301076,1909f56bfc062723c751e8b465ee728b)
Start importing Assets/Scripts/Enemy/InteractModule.cs using Guid(610d8d64764b512468347e9b37c04a1b) Importer(815301076,1909f56bfc062723c751e8b465ee728b)  -> (artifact id: '80542e904f611486302b4a2197fe227d') in 0.002636 seconds
  Import took 0.004581 seconds .

========================================================================
Received Prepare
Registering precompiled user dll's ...
Registered in 0.000996 seconds.
Begin MonoManager ReloadAssembly
Native extension for Lumin target not found
Native extension for LinuxStandalone target not found
Native extension for WindowsStandalone target not found
Native extension for OSXStandalone target not found
Native extension for WebGL target not found
Refreshing native plugins compatible for Editor in 0.19 ms, found 0 plugins.
Preloading 0 native plugins for Editor in 0.00 ms.
Invoked RoslynAnalysisRunner static constructor.
RoslynAnalysisRunner will not be running.
RoslynAnalysisRunner has terminated.
Mono: successfully reloaded assembly
- Completed reload, in  1.086 seconds
Platform modules already initialized, skipping
Refreshing native plugins compatible for Editor in 0.21 ms, found 0 plugins.
Preloading 0 native plugins for Editor in 0.00 ms.
Unloading 1122 Unused Serialized files (Serialized files now loaded: 0)
System memory in use before: 57.6 MB.
System memory in use after: 57.7 MB.

Unloading 6 unused Assets to reduce memory usage. Loaded Objects now: 1572.
Total: 5.710200 ms (FindLiveObjects: 0.573600 ms CreateObjectMapping: 0.050600 ms MarkObjects: 4.873000 ms  DeleteObjects: 0.211500 ms)

========================================================================
Received Import Request.
  Time since last request: 16.690993 seconds.
  path: Assets/Scripts/Enemy/EnemyModule.cs
  artifactKey: Guid(6c55aea401f21d849b67069861a24bef) Importer(815301076,1909f56bfc062723c751e8b465ee728b)
Start importing Assets/Scripts/Enemy/EnemyModule.cs using Guid(6c55aea401f21d849b67069861a24bef) Importer(815301076,1909f56bfc062723c751e8b465ee728b)  -> (artifact id: '874ee25773b7c89dc7669e21d87133cc') in 0.005846 seconds
  Import took 0.008275 seconds .

========================================================================
Received Prepare
Registering precompiled user dll's ...
Registered in 0.000759 seconds.
Begin MonoManager ReloadAssembly
Native extension for Lumin target not found
Native extension for LinuxStandalone target not found
Native extension for WindowsStandalone target not found
Native extension for OSXStandalone target not found
Native extension for WebGL target not found
Refreshing native plugins compatible for Editor in 0.22 ms, found 0 plugins.
Preloading 0 native plugins for Editor in 0.00 ms.
Invoked RoslynAnalysisRunner static constructor.
RoslynAnalysisRunner will not be running.
RoslynAnalysisRunner has terminated.
Mono: successfully reloaded assembly
- Completed reload, in  0.699 seconds
Platform modules already initialized, skipping
Refreshing native plugins compatible for Editor in 0.20 ms, found 0 plugins.
Preloading 0 native plugins for Editor in 0.00 ms.
Unloading 1123 Unused Serialized files (Serialized files now loaded: 0)
System memory in use before: 57.6 MB.
System memory in use after: 57.7 MB.

Unloading 5 unused Assets to reduce memory usage. Loaded Objects now: 1576.
Total: 1.767300 ms (FindLiveObjects: 0.256800 ms CreateObjectMapping: 0.060000 ms MarkObjects: 1.349600 ms  DeleteObjects: 0.099700 ms)

========================================================================
Received Import Request.
  Time since last request: 10.440810 seconds.
  path: Assets/Scripts/Bullet
  artifactKey: Guid(6fd0bed04a0582747af88fb2f2531e5e) Importer(815301076,1909f56bfc062723c751e8b465ee728b)
Start importing Assets/Scripts/Bullet using Guid(6fd0bed04a0582747af88fb2f2531e5e) Importer(815301076,1909f56bfc062723c751e8b465ee728b)  -> (artifact id: '3cffd153b5ffed6f14bba2c029b4ac3b') in 0.006315 seconds
  Import took 0.009093 seconds .

========================================================================
Received Import Request.
  Time since last request: 0.002218 seconds.
  path: Assets/Scripts/Bullet
  artifactKey: Guid(6fd0bed04a0582747af88fb2f2531e5e) Importer(815301076,1909f56bfc062723c751e8b465ee728b)
Start importing Assets/Scripts/Bullet using Guid(6fd0bed04a0582747af88fb2f2531e5e) Importer(815301076,1909f56bfc062723c751e8b465ee728b)  -> (artifact id: '3cffd153b5ffed6f14bba2c029b4ac3b') in 0.002507 seconds
  Import took 0.004125 seconds .

========================================================================
Received Prepare
Registering precompiled user dll's ...
Registered in 0.000723 seconds.
Begin MonoManager ReloadAssembly
Native extension for Lumin target not found
Native extension for LinuxStandalone target not found
Native extension for WindowsStandalone target not found
Native extension for OSXStandalone target not found
Native extension for WebGL target not found
Refreshing native plugins compatible for Editor in 0.19 ms, found 0 plugins.
Preloading 0 native plugins for Editor in 0.00 ms.
Invoked RoslynAnalysisRunner static constructor.
RoslynAnalysisRunner will not be running.
RoslynAnalysisRunner has terminated.
Mono: successfully reloaded assembly
- Completed reload, in  0.690 seconds
Platform modules already initialized, skipping
Refreshing native plugins compatible for Editor in 0.21 ms, found 0 plugins.
Preloading 0 native plugins for Editor in 0.00 ms.
Unloading 1123 Unused Serialized files (Serialized files now loaded: 0)
System memory in use before: 57.6 MB.
System memory in use after: 57.7 MB.

Unloading 5 unused Assets to reduce memory usage. Loaded Objects now: 1579.
Total: 1.708500 ms (FindLiveObjects: 0.174500 ms CreateObjectMapping: 0.039300 ms MarkObjects: 1.411000 ms  DeleteObjects: 0.082600 ms)

========================================================================
Received Import Request.
  Time since last request: 10.690749 seconds.
  path: Assets/Scripts/Bullet/BulletModule.cs
  artifactKey: Guid(6c55aea401f21d849b67069861a24bef) Importer(815301076,1909f56bfc062723c751e8b465ee728b)
Start importing Assets/Scripts/Bullet/BulletModule.cs using Guid(6c55aea401f21d849b67069861a24bef) Importer(815301076,1909f56bfc062723c751e8b465ee728b)  -> (artifact id: 'd71b56af0eec85d7da4147dd14145724') in 0.006027 seconds
  Import took 0.008621 seconds .

========================================================================
Received Import Request.
  Time since last request: 0.002622 seconds.
  path: Assets/Scripts/Bullet/BulletModule.cs
  artifactKey: Guid(6c55aea401f21d849b67069861a24bef) Importer(815301076,1909f56bfc062723c751e8b465ee728b)
Start importing Assets/Scripts/Bullet/BulletModule.cs using Guid(6c55aea401f21d849b67069861a24bef) Importer(815301076,1909f56bfc062723c751e8b465ee728b)  -> (artifact id: 'd71b56af0eec85d7da4147dd14145724') in 0.002652 seconds
  Import took 0.004535 seconds .

========================================================================
Received Prepare
Registering precompiled user dll's ...
Registered in 0.000768 seconds.
Begin MonoManager ReloadAssembly
Native extension for Lumin target not found
Native extension for LinuxStandalone target not found
Native extension for WindowsStandalone target not found
Native extension for OSXStandalone target not found
Native extension for WebGL target not found
Refreshing native plugins compatible for Editor in 0.21 ms, found 0 plugins.
Preloading 0 native plugins for Editor in 0.00 ms.
Invoked RoslynAnalysisRunner static constructor.
RoslynAnalysisRunner will not be running.
RoslynAnalysisRunner has terminated.
Mono: successfully reloaded assembly
- Completed reload, in  0.795 seconds
Platform modules already initialized, skipping
Refreshing native plugins compatible for Editor in 0.21 ms, found 0 plugins.
Preloading 0 native plugins for Editor in 0.00 ms.
Unloading 1123 Unused Serialized files (Serialized files now loaded: 0)
System memory in use before: 57.6 MB.
System memory in use after: 57.7 MB.

Unloading 5 unused Assets to reduce memory usage. Loaded Objects now: 1582.
Total: 1.839300 ms (FindLiveObjects: 0.173600 ms CreateObjectMapping: 0.057700 ms MarkObjects: 1.549200 ms  DeleteObjects: 0.056500 ms)

========================================================================
Received Prepare
Registering precompiled user dll's ...
Registered in 0.001059 seconds.
Begin MonoManager ReloadAssembly
Native extension for Lumin target not found
Native extension for LinuxStandalone target not found
Native extension for WindowsStandalone target not found
Native extension for OSXStandalone target not found
Native extension for WebGL target not found
Refreshing native plugins compatible for Editor in 0.26 ms, found 0 plugins.
Preloading 0 native plugins for Editor in 0.00 ms.
Invoked RoslynAnalysisRunner static constructor.
RoslynAnalysisRunner will not be running.
RoslynAnalysisRunner has terminated.
Mono: successfully reloaded assembly
- Completed reload, in  1.053 seconds
Platform modules already initialized, skipping
Refreshing native plugins compatible for Editor in 0.29 ms, found 0 plugins.
Preloading 0 native plugins for Editor in 0.00 ms.
Unloading 1123 Unused Serialized files (Serialized files now loaded: 0)
System memory in use before: 57.7 MB.
System memory in use after: 57.7 MB.

Unloading 5 unused Assets to reduce memory usage. Loaded Objects now: 1585.
Total: 7.743100 ms (FindLiveObjects: 0.726700 ms CreateObjectMapping: 0.066900 ms MarkObjects: 6.593400 ms  DeleteObjects: 0.352700 ms)

========================================================================
Received Import Request.
  Time since last request: 519.366705 seconds.
  path: Assets/Scripts/Bullet/BulletModule.cs
  artifactKey: Guid(6c55aea401f21d849b67069861a24bef) Importer(815301076,1909f56bfc062723c751e8b465ee728b)
Start importing Assets/Scripts/Bullet/BulletModule.cs using Guid(6c55aea401f21d849b67069861a24bef) Importer(815301076,1909f56bfc062723c751e8b465ee728b)  -> (artifact id: '0645ec4aa5298213d836483d0048f7fb') in 0.007359 seconds
  Import took 0.010371 seconds .

========================================================================
Received Import Request.
  Time since last request: 6.711022 seconds.
  path: Assets/Scripts/Bullet/BulletUpdater.cs
  artifactKey: Guid(c79eaa65c1668f949a320f13241c35bf) Importer(815301076,1909f56bfc062723c751e8b465ee728b)
Start importing Assets/Scripts/Bullet/BulletUpdater.cs using Guid(c79eaa65c1668f949a320f13241c35bf) Importer(815301076,1909f56bfc062723c751e8b465ee728b)  -> (artifact id: 'ed17571e5d809752727bf9db54aa510a') in 0.004115 seconds
  Import took 0.007062 seconds .

========================================================================
Received Prepare
Registering precompiled user dll's ...
Registered in 0.000809 seconds.
Begin MonoManager ReloadAssembly
Native extension for Lumin target not found
Native extension for LinuxStandalone target not found
Native extension for WindowsStandalone target not found
Native extension for OSXStandalone target not found
Native extension for WebGL target not found
Refreshing native plugins compatible for Editor in 0.22 ms, found 0 plugins.
Preloading 0 native plugins for Editor in 0.00 ms.
Invoked RoslynAnalysisRunner static constructor.
RoslynAnalysisRunner will not be running.
RoslynAnalysisRunner has terminated.
Mono: successfully reloaded assembly
- Completed reload, in  0.784 seconds
Platform modules already initialized, skipping
Refreshing native plugins compatible for Editor in 0.19 ms, found 0 plugins.
Preloading 0 native plugins for Editor in 0.00 ms.
Unloading 1124 Unused Serialized files (Serialized files now loaded: 0)
System memory in use before: 57.7 MB.
System memory in use after: 57.8 MB.

Unloading 5 unused Assets to reduce memory usage. Loaded Objects now: 1589.
Total: 2.037800 ms (FindLiveObjects: 0.243600 ms CreateObjectMapping: 0.060900 ms MarkObjects: 1.394900 ms  DeleteObjects: 0.336700 ms)

========================================================================
Received Prepare
Registering precompiled user dll's ...
Registered in 0.001009 seconds.
Begin MonoManager ReloadAssembly
Native extension for Lumin target not found
Native extension for LinuxStandalone target not found
Native extension for WindowsStandalone target not found
Native extension for OSXStandalone target not found
Native extension for WebGL target not found
Refreshing native plugins compatible for Editor in 0.29 ms, found 0 plugins.
Preloading 0 native plugins for Editor in 0.00 ms.
Invoked RoslynAnalysisRunner static constructor.
RoslynAnalysisRunner will not be running.
RoslynAnalysisRunner has terminated.
Mono: successfully reloaded assembly
- Completed reload, in  0.900 seconds
Platform modules already initialized, skipping
Refreshing native plugins compatible for Editor in 0.42 ms, found 0 plugins.
Preloading 0 native plugins for Editor in 0.00 ms.
Unloading 1124 Unused Serialized files (Serialized files now loaded: 0)
System memory in use before: 57.7 MB.
System memory in use after: 57.8 MB.

Unloading 5 unused Assets to reduce memory usage. Loaded Objects now: 1592.
Total: 6.048200 ms (FindLiveObjects: 0.639700 ms CreateObjectMapping: 0.065200 ms MarkObjects: 5.087200 ms  DeleteObjects: 0.253300 ms)

========================================================================
Received Import Request.
  Time since last request: 95.693899 seconds.
  path: Assets/Scripts/Bullet/BulletUpdater.cs
  artifactKey: Guid(c79eaa65c1668f949a320f13241c35bf) Importer(815301076,1909f56bfc062723c751e8b465ee728b)
Start importing Assets/Scripts/Bullet/BulletUpdater.cs using Guid(c79eaa65c1668f949a320f13241c35bf) Importer(815301076,1909f56bfc062723c751e8b465ee728b)  -> (artifact id: 'fd6147da73fd829a7c52eea02424ad5f') in 0.006673 seconds
  Import took 0.009713 seconds .

========================================================================
Received Prepare
Registering precompiled user dll's ...
Registered in 0.000831 seconds.
Begin MonoManager ReloadAssembly
Native extension for Lumin target not found
Native extension for LinuxStandalone target not found
Native extension for WindowsStandalone target not found
Native extension for OSXStandalone target not found
Native extension for WebGL target not found
Refreshing native plugins compatible for Editor in 0.43 ms, found 0 plugins.
Preloading 0 native plugins for Editor in 0.00 ms.
Invoked RoslynAnalysisRunner static constructor.
RoslynAnalysisRunner will not be running.
RoslynAnalysisRunner has terminated.
Mono: successfully reloaded assembly
- Completed reload, in  1.063 seconds
Platform modules already initialized, skipping
Refreshing native plugins compatible for Editor in 0.19 ms, found 0 plugins.
Preloading 0 native plugins for Editor in 0.00 ms.
Unloading 1124 Unused Serialized files (Serialized files now loaded: 0)
System memory in use before: 57.7 MB.
System memory in use after: 57.8 MB.

Unloading 5 unused Assets to reduce memory usage. Loaded Objects now: 1595.
Total: 12.811100 ms (FindLiveObjects: 1.670400 ms CreateObjectMapping: 0.109500 ms MarkObjects: 10.717000 ms  DeleteObjects: 0.310900 ms)

========================================================================
Received Import Request.
  Time since last request: 874.243571 seconds.
  path: Assets/Scripts/Bullet/BulletUpdater.cs
  artifactKey: Guid(c79eaa65c1668f949a320f13241c35bf) Importer(815301076,1909f56bfc062723c751e8b465ee728b)
Start importing Assets/Scripts/Bullet/BulletUpdater.cs using Guid(c79eaa65c1668f949a320f13241c35bf) Importer(815301076,1909f56bfc062723c751e8b465ee728b)  -> (artifact id: '0726b7b337cf0c6d7bb34169a450df35') in 0.009765 seconds
  Import took 0.015285 seconds .

========================================================================
Received Prepare
Registering precompiled user dll's ...
Registered in 0.002511 seconds.
Begin MonoManager ReloadAssembly
Native extension for Lumin target not found
Native extension for LinuxStandalone target not found
Native extension for WindowsStandalone target not found
Native extension for OSXStandalone target not found
Native extension for WebGL target not found
Refreshing native plugins compatible for Editor in 0.29 ms, found 0 plugins.
Preloading 0 native plugins for Editor in 0.00 ms.
Invoked RoslynAnalysisRunner static constructor.
RoslynAnalysisRunner will not be running.
RoslynAnalysisRunner has terminated.
Mono: successfully reloaded assembly
- Completed reload, in  0.888 seconds
Platform modules already initialized, skipping
Refreshing native plugins compatible for Editor in 0.18 ms, found 0 plugins.
Preloading 0 native plugins for Editor in 0.00 ms.
Unloading 1123 Unused Serialized files (Serialized files now loaded: 0)
System memory in use before: 57.7 MB.
System memory in use after: 57.8 MB.

Unloading 6 unused Assets to reduce memory usage. Loaded Objects now: 1597.
Total: 1.351900 ms (FindLiveObjects: 0.123000 ms CreateObjectMapping: 0.032200 ms MarkObjects: 1.149400 ms  DeleteObjects: 0.045800 ms)

========================================================================
Received Import Request.
  Time since last request: 56.811769 seconds.
  path: Assets/Scripts/MovementModules/BulletMov.cs
  artifactKey: Guid(9ffe4f43826c4b344a4443e287af09a8) Importer(815301076,1909f56bfc062723c751e8b465ee728b)
Start importing Assets/Scripts/MovementModules/BulletMov.cs using Guid(9ffe4f43826c4b344a4443e287af09a8) Importer(815301076,1909f56bfc062723c751e8b465ee728b)  -> (artifact id: '5129d6c1332fa2f15a3abf5c81da1515') in 0.006126 seconds
  Import took 0.008830 seconds .

========================================================================
Received Prepare
Registering precompiled user dll's ...
Registered in 0.001817 seconds.
Begin MonoManager ReloadAssembly
Native extension for Lumin target not found
Native extension for LinuxStandalone target not found
Native extension for WindowsStandalone target not found
Native extension for OSXStandalone target not found
Native extension for WebGL target not found
Refreshing native plugins compatible for Editor in 0.19 ms, found 0 plugins.
Preloading 0 native plugins for Editor in 0.00 ms.
Invoked RoslynAnalysisRunner static constructor.
RoslynAnalysisRunner will not be running.
RoslynAnalysisRunner has terminated.
Mono: successfully reloaded assembly
- Completed reload, in  0.853 seconds
Platform modules already initialized, skipping
Refreshing native plugins compatible for Editor in 0.19 ms, found 0 plugins.
Preloading 0 native plugins for Editor in 0.00 ms.
Unloading 1124 Unused Serialized files (Serialized files now loaded: 0)
System memory in use before: 57.7 MB.
System memory in use after: 57.8 MB.

Unloading 5 unused Assets to reduce memory usage. Loaded Objects now: 1601.
Total: 3.591000 ms (FindLiveObjects: 0.391600 ms CreateObjectMapping: 0.154600 ms MarkObjects: 2.961500 ms  DeleteObjects: 0.080000 ms)

========================================================================
Received Prepare
Registering precompiled user dll's ...
Registered in 0.001136 seconds.
Begin MonoManager ReloadAssembly
Native extension for Lumin target not found
Native extension for LinuxStandalone target not found
Native extension for WindowsStandalone target not found
Native extension for OSXStandalone target not found
Native extension for WebGL target not found
Refreshing native plugins compatible for Editor in 0.20 ms, found 0 plugins.
Preloading 0 native plugins for Editor in 0.00 ms.
Invoked RoslynAnalysisRunner static constructor.
RoslynAnalysisRunner will not be running.
RoslynAnalysisRunner has terminated.
Mono: successfully reloaded assembly
- Completed reload, in  0.754 seconds
Platform modules already initialized, skipping
Refreshing native plugins compatible for Editor in 0.18 ms, found 0 plugins.
Preloading 0 native plugins for Editor in 0.00 ms.
Unloading 1124 Unused Serialized files (Serialized files now loaded: 0)
System memory in use before: 57.7 MB.
System memory in use after: 57.8 MB.

Unloading 5 unused Assets to reduce memory usage. Loaded Objects now: 1604.
Total: 1.531800 ms (FindLiveObjects: 0.133800 ms CreateObjectMapping: 0.032300 ms MarkObjects: 1.312100 ms  DeleteObjects: 0.052000 ms)

========================================================================
Received Import Request.
  Time since last request: 53.472633 seconds.
  path: Assets/Scripts/MovementModules/BulletMov.cs
  artifactKey: Guid(9ffe4f43826c4b344a4443e287af09a8) Importer(815301076,1909f56bfc062723c751e8b465ee728b)
Start importing Assets/Scripts/MovementModules/BulletMov.cs using Guid(9ffe4f43826c4b344a4443e287af09a8) Importer(815301076,1909f56bfc062723c751e8b465ee728b)  -> (artifact id: 'f022e62dac2997e5c74831d170980ae2') in 0.006491 seconds
  Import took 0.009026 seconds .

========================================================================
Received Import Request.
  Time since last request: 11.771516 seconds.
  path: Assets/Scripts/MovementModules/BulletMoveUpdater.cs
  artifactKey: Guid(7d68bcf7910eeb64198b11bdb82b6686) Importer(815301076,1909f56bfc062723c751e8b465ee728b)
Start importing Assets/Scripts/MovementModules/BulletMoveUpdater.cs using Guid(7d68bcf7910eeb64198b11bdb82b6686) Importer(815301076,1909f56bfc062723c751e8b465ee728b)  -> (artifact id: 'ecd1808db7b209816e387b6e2dd32f6f') in 0.003302 seconds
  Import took 0.005969 seconds .

========================================================================
Received Prepare
Registering precompiled user dll's ...
Registered in 0.000825 seconds.
Begin MonoManager ReloadAssembly
Native extension for Lumin target not found
Native extension for LinuxStandalone target not found
Native extension for WindowsStandalone target not found
Native extension for OSXStandalone target not found
Native extension for WebGL target not found
Refreshing native plugins compatible for Editor in 0.47 ms, found 0 plugins.
Preloading 0 native plugins for Editor in 0.00 ms.
Invoked RoslynAnalysisRunner static constructor.
RoslynAnalysisRunner will not be running.
RoslynAnalysisRunner has terminated.
Mono: successfully reloaded assembly
- Completed reload, in  0.833 seconds
Platform modules already initialized, skipping
Refreshing native plugins compatible for Editor in 0.74 ms, found 0 plugins.
Preloading 0 native plugins for Editor in 0.00 ms.
Unloading 1125 Unused Serialized files (Serialized files now loaded: 0)
System memory in use before: 57.7 MB.
System memory in use after: 57.8 MB.

Unloading 5 unused Assets to reduce memory usage. Loaded Objects now: 1608.
Total: 6.018500 ms (FindLiveObjects: 0.546300 ms CreateObjectMapping: 0.160300 ms MarkObjects: 5.098600 ms  DeleteObjects: 0.209300 ms)

========================================================================
Received Import Request.
  Time since last request: 30.695634 seconds.
  path: Assets/Scripts/MovementModules/BulletMoveUpdater.cs
  artifactKey: Guid(7d68bcf7910eeb64198b11bdb82b6686) Importer(815301076,1909f56bfc062723c751e8b465ee728b)
Start importing Assets/Scripts/MovementModules/BulletMoveUpdater.cs using Guid(7d68bcf7910eeb64198b11bdb82b6686) Importer(815301076,1909f56bfc062723c751e8b465ee728b)  -> (artifact id: 'e7d9c1c5c4e875ba184b26c6c7115e65') in 0.009036 seconds
  Import took 0.012378 seconds .

========================================================================
Received Import Request.
  Time since last request: 3.563082 seconds.
  path: Assets/Scripts/TAccessor.cs
  artifactKey: Guid(ebce9fc9eba7bcd45901c4ad1d564f8d) Importer(815301076,1909f56bfc062723c751e8b465ee728b)
Start importing Assets/Scripts/TAccessor.cs using Guid(ebce9fc9eba7bcd45901c4ad1d564f8d) Importer(815301076,1909f56bfc062723c751e8b465ee728b)  -> (artifact id: 'a91fffa6e91310113b7181317206c5b8') in 0.004424 seconds
  Import took 0.006832 seconds .

========================================================================
Received Import Request.
  Time since last request: 0.026737 seconds.
  path: Assets/Scripts/TAccessor.cs
  artifactKey: Guid(ebce9fc9eba7bcd45901c4ad1d564f8d) Importer(815301076,1909f56bfc062723c751e8b465ee728b)
Start importing Assets/Scripts/TAccessor.cs using Guid(ebce9fc9eba7bcd45901c4ad1d564f8d) Importer(815301076,1909f56bfc062723c751e8b465ee728b)  -> (artifact id: 'a91fffa6e91310113b7181317206c5b8') in 0.003266 seconds
  Import took 0.006496 seconds .

========================================================================
Received Import Request.
  Time since last request: 21.178575 seconds.
  path: Assets/Scripts/GameManager.cs
  artifactKey: Guid(83f91724cbffef14a8662ccfbb4ffa34) Importer(815301076,1909f56bfc062723c751e8b465ee728b)
Start importing Assets/Scripts/GameManager.cs using Guid(83f91724cbffef14a8662ccfbb4ffa34) Importer(815301076,1909f56bfc062723c751e8b465ee728b)  -> (artifact id: '8058edac30d75ba99806b4ce4141c279') in 0.004069 seconds
  Import took 0.007333 seconds .

========================================================================
Received Prepare
Registering precompiled user dll's ...
Registered in 0.000872 seconds.
Begin MonoManager ReloadAssembly
Native extension for Lumin target not found
Native extension for LinuxStandalone target not found
Native extension for WindowsStandalone target not found
Native extension for OSXStandalone target not found
Native extension for WebGL target not found
Refreshing native plugins compatible for Editor in 0.41 ms, found 0 plugins.
Preloading 0 native plugins for Editor in 0.00 ms.
Invoked RoslynAnalysisRunner static constructor.
RoslynAnalysisRunner will not be running.
RoslynAnalysisRunner has terminated.
Mono: successfully reloaded assembly
- Completed reload, in  1.151 seconds
Platform modules already initialized, skipping
Refreshing native plugins compatible for Editor in 0.19 ms, found 0 plugins.
Preloading 0 native plugins for Editor in 0.00 ms.
Unloading 1125 Unused Serialized files (Serialized files now loaded: 0)
System memory in use before: 57.7 MB.
System memory in use after: 57.8 MB.

Unloading 5 unused Assets to reduce memory usage. Loaded Objects now: 1611.
Total: 6.584300 ms (FindLiveObjects: 0.526000 ms CreateObjectMapping: 0.073100 ms MarkObjects: 5.746900 ms  DeleteObjects: 0.235900 ms)

========================================================================
Received Import Request.
  Time since last request: 373.088212 seconds.
  path: Assets/Scripts/GameManager.cs
  artifactKey: Guid(83f91724cbffef14a8662ccfbb4ffa34) Importer(815301076,1909f56bfc062723c751e8b465ee728b)
Start importing Assets/Scripts/GameManager.cs using Guid(83f91724cbffef14a8662ccfbb4ffa34) Importer(815301076,1909f56bfc062723c751e8b465ee728b)  -> (artifact id: 'e38824d97c25f8f7c7ffac169ea871c8') in 0.008311 seconds
  Import took 0.011845 seconds .

========================================================================
Received Import Request.
  Time since last request: 29.452876 seconds.
  path: Assets/Prefabs/Sphere.prefab
  artifactKey: Guid(6a611ee1b34de7542a68c91a13039f7f) Importer(815301076,1909f56bfc062723c751e8b465ee728b)
Start importing Assets/Prefabs/Sphere.prefab using Guid(6a611ee1b34de7542a68c91a13039f7f) Importer(815301076,1909f56bfc062723c751e8b465ee728b)  -> (artifact id: 'b303d0a1a451bc1f1be5921a715adf5c') in 0.191688 seconds
  Import took 0.195168 seconds .

========================================================================
Received Prepare
Registering precompiled user dll's ...
Registered in 0.001262 seconds.
Begin MonoManager ReloadAssembly
Native extension for Lumin target not found
Native extension for LinuxStandalone target not found
Native extension for WindowsStandalone target not found
Native extension for OSXStandalone target not found
Native extension for WebGL target not found
Refreshing native plugins compatible for Editor in 0.20 ms, found 0 plugins.
Preloading 0 native plugins for Editor in 0.00 ms.
Invoked RoslynAnalysisRunner static constructor.
RoslynAnalysisRunner will not be running.
RoslynAnalysisRunner has terminated.
Mono: successfully reloaded assembly
- Completed reload, in  0.940 seconds
Platform modules already initialized, skipping
Refreshing native plugins compatible for Editor in 0.20 ms, found 0 plugins.
Preloading 0 native plugins for Editor in 0.00 ms.
Unloading 1125 Unused Serialized files (Serialized files now loaded: 0)
System memory in use before: 60.9 MB.
System memory in use after: 61.0 MB.

Unloading 6 unused Assets to reduce memory usage. Loaded Objects now: 1622.
Total: 2.352100 ms (FindLiveObjects: 0.317500 ms CreateObjectMapping: 0.043600 ms MarkObjects: 1.903200 ms  DeleteObjects: 0.084100 ms)

========================================================================
Received Prepare
Registering precompiled user dll's ...
Registered in 0.002037 seconds.
Begin MonoManager ReloadAssembly
Native extension for Lumin target not found
Native extension for LinuxStandalone target not found
Native extension for WindowsStandalone target not found
Native extension for OSXStandalone target not found
Native extension for WebGL target not found
Refreshing native plugins compatible for Editor in 0.29 ms, found 0 plugins.
Preloading 0 native plugins for Editor in 0.00 ms.
Invoked RoslynAnalysisRunner static constructor.
RoslynAnalysisRunner will not be running.
RoslynAnalysisRunner has terminated.
Mono: successfully reloaded assembly
- Completed reload, in  0.953 seconds
Platform modules already initialized, skipping
Refreshing native plugins compatible for Editor in 0.21 ms, found 0 plugins.
Preloading 0 native plugins for Editor in 0.00 ms.
Unloading 1125 Unused Serialized files (Serialized files now loaded: 0)
System memory in use before: 60.9 MB.
System memory in use after: 61.0 MB.

Unloading 5 unused Assets to reduce memory usage. Loaded Objects now: 1625.
Total: 1.700700 ms (FindLiveObjects: 0.162100 ms CreateObjectMapping: 0.038800 ms MarkObjects: 1.440400 ms  DeleteObjects: 0.056600 ms)

========================================================================
Received Prepare
Registering precompiled user dll's ...
Registered in 0.002379 seconds.
Begin MonoManager ReloadAssembly
Native extension for Lumin target not found
Native extension for LinuxStandalone target not found
Native extension for WindowsStandalone target not found
Native extension for OSXStandalone target not found
Native extension for WebGL target not found
Refreshing native plugins compatible for Editor in 0.56 ms, found 0 plugins.
Preloading 0 native plugins for Editor in 0.00 ms.
Invoked RoslynAnalysisRunner static constructor.
RoslynAnalysisRunner will not be running.
RoslynAnalysisRunner has terminated.
Mono: successfully reloaded assembly
- Completed reload, in  0.835 seconds
Platform modules already initialized, skipping
Refreshing native plugins compatible for Editor in 0.20 ms, found 0 plugins.
Preloading 0 native plugins for Editor in 0.00 ms.
Unloading 1125 Unused Serialized files (Serialized files now loaded: 0)
System memory in use before: 60.9 MB.
System memory in use after: 61.0 MB.

Unloading 5 unused Assets to reduce memory usage. Loaded Objects now: 1628.
Total: 3.194200 ms (FindLiveObjects: 0.183900 ms CreateObjectMapping: 0.048600 ms MarkObjects: 2.886700 ms  DeleteObjects: 0.072200 ms)

========================================================================
Received Import Request.
  Time since last request: 194.602155 seconds.
  path: Assets/Prefabs/Sphere.prefab
  artifactKey: Guid(6a611ee1b34de7542a68c91a13039f7f) Importer(815301076,1909f56bfc062723c751e8b465ee728b)
Start importing Assets/Prefabs/Sphere.prefab using Guid(6a611ee1b34de7542a68c91a13039f7f) Importer(815301076,1909f56bfc062723c751e8b465ee728b)  -> (artifact id: '5d2d4ad6d47dde11e0f503c804dbb0b6') in 0.080846 seconds
  Import took 0.083494 seconds .

========================================================================
Received Prepare
Registering precompiled user dll's ...
Registered in 0.000897 seconds.
Begin MonoManager ReloadAssembly
Native extension for Lumin target not found
Native extension for LinuxStandalone target not found
Native extension for WindowsStandalone target not found
Native extension for OSXStandalone target not found
Native extension for WebGL target not found
Refreshing native plugins compatible for Editor in 0.27 ms, found 0 plugins.
Preloading 0 native plugins for Editor in 0.00 ms.
Invoked RoslynAnalysisRunner static constructor.
RoslynAnalysisRunner will not be running.
RoslynAnalysisRunner has terminated.
Mono: successfully reloaded assembly
- Completed reload, in  0.928 seconds
Platform modules already initialized, skipping
Refreshing native plugins compatible for Editor in 0.32 ms, found 0 plugins.
Preloading 0 native plugins for Editor in 0.00 ms.
Unloading 1125 Unused Serialized files (Serialized files now loaded: 0)
System memory in use before: 60.9 MB.
System memory in use after: 61.0 MB.

Unloading 6 unused Assets to reduce memory usage. Loaded Objects now: 1632.
Total: 5.313600 ms (FindLiveObjects: 0.242300 ms CreateObjectMapping: 0.062700 ms MarkObjects: 4.695700 ms  DeleteObjects: 0.309400 ms)

========================================================================
Received Prepare
Registering precompiled user dll's ...
Registered in 0.003163 seconds.
Begin MonoManager ReloadAssembly
Native extension for Lumin target not found
Native extension for LinuxStandalone target not found
Native extension for WindowsStandalone target not found
Native extension for OSXStandalone target not found
Native extension for WebGL target not found
Refreshing native plugins compatible for Editor in 0.27 ms, found 0 plugins.
Preloading 0 native plugins for Editor in 0.00 ms.
Invoked RoslynAnalysisRunner static constructor.
RoslynAnalysisRunner will not be running.
RoslynAnalysisRunner has terminated.
Mono: successfully reloaded assembly
- Completed reload, in  1.079 seconds
Platform modules already initialized, skipping
Refreshing native plugins compatible for Editor in 0.55 ms, found 0 plugins.
Preloading 0 native plugins for Editor in 0.00 ms.
Unloading 1125 Unused Serialized files (Serialized files now loaded: 0)
System memory in use before: 60.9 MB.
System memory in use after: 61.0 MB.

Unloading 5 unused Assets to reduce memory usage. Loaded Objects now: 1635.
Total: 4.512400 ms (FindLiveObjects: 0.234500 ms CreateObjectMapping: 0.058000 ms MarkObjects: 3.761700 ms  DeleteObjects: 0.454000 ms)

========================================================================
Received Prepare
Registering precompiled user dll's ...
Registered in 0.001158 seconds.
Begin MonoManager ReloadAssembly
Native extension for Lumin target not found
Native extension for LinuxStandalone target not found
Native extension for WindowsStandalone target not found
Native extension for OSXStandalone target not found
Native extension for WebGL target not found
Refreshing native plugins compatible for Editor in 0.37 ms, found 0 plugins.
Preloading 0 native plugins for Editor in 0.00 ms.
Invoked RoslynAnalysisRunner static constructor.
RoslynAnalysisRunner will not be running.
RoslynAnalysisRunner has terminated.
Mono: successfully reloaded assembly
- Completed reload, in  0.952 seconds
Platform modules already initialized, skipping
Refreshing native plugins compatible for Editor in 0.19 ms, found 0 plugins.
Preloading 0 native plugins for Editor in 0.00 ms.
Unloading 1125 Unused Serialized files (Serialized files now loaded: 0)
System memory in use before: 60.9 MB.
System memory in use after: 61.0 MB.

Unloading 5 unused Assets to reduce memory usage. Loaded Objects now: 1638.
Total: 3.441200 ms (FindLiveObjects: 0.176400 ms CreateObjectMapping: 0.042000 ms MarkObjects: 3.151500 ms  DeleteObjects: 0.068700 ms)

========================================================================
Received Prepare
Registering precompiled user dll's ...
Registered in 0.001020 seconds.
Begin MonoManager ReloadAssembly
Native extension for Lumin target not found
Native extension for LinuxStandalone target not found
Native extension for WindowsStandalone target not found
Native extension for OSXStandalone target not found
Native extension for WebGL target not found
Refreshing native plugins compatible for Editor in 0.27 ms, found 0 plugins.
Preloading 0 native plugins for Editor in 0.00 ms.
Invoked RoslynAnalysisRunner static constructor.
RoslynAnalysisRunner will not be running.
RoslynAnalysisRunner has terminated.
Mono: successfully reloaded assembly
- Completed reload, in  1.092 seconds
Platform modules already initialized, skipping
Refreshing native plugins compatible for Editor in 0.35 ms, found 0 plugins.
Preloading 0 native plugins for Editor in 0.00 ms.
Unloading 1125 Unused Serialized files (Serialized files now loaded: 0)
System memory in use before: 60.9 MB.
System memory in use after: 61.0 MB.

Unloading 5 unused Assets to reduce memory usage. Loaded Objects now: 1641.
Total: 3.596000 ms (FindLiveObjects: 0.196500 ms CreateObjectMapping: 0.034600 ms MarkObjects: 3.111600 ms  DeleteObjects: 0.250500 ms)

========================================================================
Received Prepare
Registering precompiled user dll's ...
Registered in 0.000763 seconds.
Begin MonoManager ReloadAssembly
Native extension for Lumin target not found
Native extension for LinuxStandalone target not found
Native extension for WindowsStandalone target not found
Native extension for OSXStandalone target not found
Native extension for WebGL target not found
Refreshing native plugins compatible for Editor in 0.31 ms, found 0 plugins.
Preloading 0 native plugins for Editor in 0.00 ms.
Invoked RoslynAnalysisRunner static constructor.
RoslynAnalysisRunner will not be running.
RoslynAnalysisRunner has terminated.
Mono: successfully reloaded assembly
- Completed reload, in  0.838 seconds
Platform modules already initialized, skipping
Refreshing native plugins compatible for Editor in 0.83 ms, found 0 plugins.
Preloading 0 native plugins for Editor in 0.00 ms.
Unloading 1125 Unused Serialized files (Serialized files now loaded: 0)
System memory in use before: 60.9 MB.
System memory in use after: 61.0 MB.

Unloading 5 unused Assets to reduce memory usage. Loaded Objects now: 1644.
Total: 4.302300 ms (FindLiveObjects: 0.316400 ms CreateObjectMapping: 0.118300 ms MarkObjects: 3.726100 ms  DeleteObjects: 0.138500 ms)

========================================================================
Received Import Request.
  Time since last request: 769.462323 seconds.
  path: Assets/Prefabs/Capsule.prefab
  artifactKey: Guid(75ce76fc9b75daa4fbbc48bf669bb56e) Importer(815301076,1909f56bfc062723c751e8b465ee728b)
Start importing Assets/Prefabs/Capsule.prefab using Guid(75ce76fc9b75daa4fbbc48bf669bb56e) Importer(815301076,1909f56bfc062723c751e8b465ee728b)  -> (artifact id: '407b2ebeb317b738db9c2e36a46df8cb') in 0.114478 seconds
  Import took 0.118909 seconds .

========================================================================
Received Import Request.
  Time since last request: 0.000516 seconds.
  path: Assets/Prefabs/Sphere.prefab
  artifactKey: Guid(6a611ee1b34de7542a68c91a13039f7f) Importer(815301076,1909f56bfc062723c751e8b465ee728b)
Start importing Assets/Prefabs/Sphere.prefab using Guid(6a611ee1b34de7542a68c91a13039f7f) Importer(815301076,1909f56bfc062723c751e8b465ee728b)  -> (artifact id: '78ec0f8b9e3e95c5b2fdb1cd30b47cc8') in 0.009820 seconds
  Import took 0.012017 seconds .

========================================================================
Received Prepare
Registering precompiled user dll's ...
Registered in 0.000784 seconds.
Begin MonoManager ReloadAssembly
Native extension for Lumin target not found
Native extension for LinuxStandalone target not found
Native extension for WindowsStandalone target not found
Native extension for OSXStandalone target not found
Native extension for WebGL target not found
Refreshing native plugins compatible for Editor in 0.21 ms, found 0 plugins.
Preloading 0 native plugins for Editor in 0.00 ms.
Invoked RoslynAnalysisRunner static constructor.
RoslynAnalysisRunner will not be running.
RoslynAnalysisRunner has terminated.
Mono: successfully reloaded assembly
- Completed reload, in  0.806 seconds
Platform modules already initialized, skipping
Refreshing native plugins compatible for Editor in 0.20 ms, found 0 plugins.
Preloading 0 native plugins for Editor in 0.00 ms.
Unloading 1125 Unused Serialized files (Serialized files now loaded: 0)
System memory in use before: 61.0 MB.
System memory in use after: 61.1 MB.

Unloading 6 unused Assets to reduce memory usage. Loaded Objects now: 1649.
Total: 1.782300 ms (FindLiveObjects: 0.205200 ms CreateObjectMapping: 0.050500 ms MarkObjects: 1.464600 ms  DeleteObjects: 0.059900 ms)

========================================================================
Received Import Request.
  Time since last request: 5.932431 seconds.
  path: Assets/Prefabs/Sphere.prefab
  artifactKey: Guid(6a611ee1b34de7542a68c91a13039f7f) Importer(815301076,1909f56bfc062723c751e8b465ee728b)
Start importing Assets/Prefabs/Sphere.prefab using Guid(6a611ee1b34de7542a68c91a13039f7f) Importer(815301076,1909f56bfc062723c751e8b465ee728b)  -> (artifact id: 'a32b2570dd8714a4344005527834de94') in 0.053152 seconds
  Import took 0.055404 seconds .

========================================================================
Received Prepare
Registering precompiled user dll's ...
Registered in 0.000772 seconds.
Begin MonoManager ReloadAssembly
Native extension for Lumin target not found
Native extension for LinuxStandalone target not found
Native extension for WindowsStandalone target not found
Native extension for OSXStandalone target not found
Native extension for WebGL target not found
Refreshing native plugins compatible for Editor in 0.21 ms, found 0 plugins.
Preloading 0 native plugins for Editor in 0.00 ms.
Invoked RoslynAnalysisRunner static constructor.
RoslynAnalysisRunner will not be running.
RoslynAnalysisRunner has terminated.
Mono: successfully reloaded assembly
- Completed reload, in  0.774 seconds
Platform modules already initialized, skipping
Refreshing native plugins compatible for Editor in 0.37 ms, found 0 plugins.
Preloading 0 native plugins for Editor in 0.00 ms.
Unloading 1125 Unused Serialized files (Serialized files now loaded: 0)
System memory in use before: 61.0 MB.
System memory in use after: 61.1 MB.

Unloading 6 unused Assets to reduce memory usage. Loaded Objects now: 1653.
Total: 5.225700 ms (FindLiveObjects: 3.144200 ms CreateObjectMapping: 0.171000 ms MarkObjects: 1.838600 ms  DeleteObjects: 0.070000 ms)

========================================================================
Received Prepare
Registering precompiled user dll's ...
Registered in 0.002955 seconds.
Begin MonoManager ReloadAssembly
Native extension for Lumin target not found
Native extension for LinuxStandalone target not found
Native extension for WindowsStandalone target not found
Native extension for OSXStandalone target not found
Native extension for WebGL target not found
Refreshing native plugins compatible for Editor in 0.21 ms, found 0 plugins.
Preloading 0 native plugins for Editor in 0.00 ms.
Invoked RoslynAnalysisRunner static constructor.
RoslynAnalysisRunner will not be running.
RoslynAnalysisRunner has terminated.
Mono: successfully reloaded assembly
- Completed reload, in  0.822 seconds
Platform modules already initialized, skipping
Refreshing native plugins compatible for Editor in 0.22 ms, found 0 plugins.
Preloading 0 native plugins for Editor in 0.00 ms.
Unloading 1125 Unused Serialized files (Serialized files now loaded: 0)
System memory in use before: 61.0 MB.
System memory in use after: 61.1 MB.

Unloading 5 unused Assets to reduce memory usage. Loaded Objects now: 1656.
Total: 1.575400 ms (FindLiveObjects: 0.145200 ms CreateObjectMapping: 0.041500 ms MarkObjects: 1.339000 ms  DeleteObjects: 0.048000 ms)

========================================================================
Received Prepare
Registering precompiled user dll's ...
Registered in 0.001561 seconds.
Begin MonoManager ReloadAssembly
Native extension for Lumin target not found
Native extension for LinuxStandalone target not found
Native extension for WindowsStandalone target not found
Native extension for OSXStandalone target not found
Native extension for WebGL target not found
Refreshing native plugins compatible for Editor in 0.22 ms, found 0 plugins.
Preloading 0 native plugins for Editor in 0.00 ms.
Invoked RoslynAnalysisRunner static constructor.
RoslynAnalysisRunner will not be running.
RoslynAnalysisRunner has terminated.
Mono: successfully reloaded assembly
- Completed reload, in  0.837 seconds
Platform modules already initialized, skipping
Refreshing native plugins compatible for Editor in 0.20 ms, found 0 plugins.
Preloading 0 native plugins for Editor in 0.00 ms.
Unloading 1125 Unused Serialized files (Serialized files now loaded: 0)
System memory in use before: 61.0 MB.
System memory in use after: 61.1 MB.

Unloading 5 unused Assets to reduce memory usage. Loaded Objects now: 1659.
Total: 2.399000 ms (FindLiveObjects: 0.338900 ms CreateObjectMapping: 0.082800 ms MarkObjects: 1.905600 ms  DeleteObjects: 0.068700 ms)

AssetImportWorkerClient::OnTransportError - code=2 error=End of file
