Using pre-set license
Built from '2020.3/staging' branch; Version is '2020.3.0f1 (c7b5465681fb) revision 13088070'; Using compiler version '192528614'; Build Type 'Release'
OS: 'Windows 10 Home; OS build 19042.804; Version 2009; 64bit' Language: 'fr' Physical Memory: 32689 MB
BatchMode: 1, IsHumanControllingUs: 0, StartBugReporterOnCrash: 0, Is64bit: 1, IsPro: 0

 COMMAND LINE ARGUMENTS:
C:\Program Files\Unity\Hub\Editor\2020.3.0f1\Editor\Unity.exe
-adb2
-batchMode
-noUpm
-name
AssetImportWorker0
-projectPath
D:/Unity/BAZOIN_CIRET_OLIVEIRA_3ADJV_PROGGAMEPLAY
-logFile
Logs/AssetImportWorker0.log
-srvPort
57699
Successfully changed project path to: D:/Unity/BAZOIN_CIRET_OLIVEIRA_3ADJV_PROGGAMEPLAY
D:/Unity/BAZOIN_CIRET_OLIVEIRA_3ADJV_PROGGAMEPLAY
Using Asset Import Pipeline V2.
Refreshing native plugins compatible for Editor in 17.82 ms, found 0 plugins.
Preloading 0 native plugins for Editor in 0.00 ms.
Initialize engine version: 2020.3.0f1 (c7b5465681fb)
[Subsystems] Discovering subsystems at path C:/Program Files/Unity/Hub/Editor/2020.3.0f1/Editor/Data/Resources/UnitySubsystems
[Subsystems] Discovering subsystems at path D:/Unity/BAZOIN_CIRET_OLIVEIRA_3ADJV_PROGGAMEPLAY/Assets
GfxDevice: creating device client; threaded=0
Direct3D:
    Version:  Direct3D 11.0 [level 11.1]
    Renderer: NVIDIA GeForce RTX 3070 (ID=0x2484)
    Vendor:   
    VRAM:     8043 MB
    Driver:   27.21.14.6192
Initialize mono
Mono path[0] = 'C:/Program Files/Unity/Hub/Editor/2020.3.0f1/Editor/Data/Managed'
Mono path[1] = 'C:/Program Files/Unity/Hub/Editor/2020.3.0f1/Editor/Data/MonoBleedingEdge/lib/mono/unityjit'
Mono config path = 'C:/Program Files/Unity/Hub/Editor/2020.3.0f1/Editor/Data/MonoBleedingEdge/etc'
Using monoOptions --debugger-agent=transport=dt_socket,embedding=1,server=y,suspend=n,address=127.0.0.1:56640
Begin MonoManager ReloadAssembly
Registering precompiled unity dll's ...
Register platform support module: C:/Program Files/Unity/Hub/Editor/2020.3.0f1/Editor/Data/PlaybackEngines/WindowsStandaloneSupport/UnityEditor.WindowsStandalone.Extensions.dll
Registered in 0.001373 seconds.
Native extension for WindowsStandalone target not found
Refreshing native plugins compatible for Editor in 17.21 ms, found 0 plugins.
Preloading 0 native plugins for Editor in 0.00 ms.
Invoked RoslynAnalysisRunner static constructor.
RoslynAnalysisRunner will not be running.
RoslynAnalysisRunner has terminated.
Mono: successfully reloaded assembly
- Completed reload, in  0.729 seconds
Platform modules already initialized, skipping
Registering precompiled user dll's ...
Registered in 0.000337 seconds.
Begin MonoManager ReloadAssembly
Native extension for WindowsStandalone target not found
Refreshing native plugins compatible for Editor in 0.17 ms, found 0 plugins.
Preloading 0 native plugins for Editor in 0.00 ms.
Invoked RoslynAnalysisRunner static constructor.
RoslynAnalysisRunner will not be running.
RoslynAnalysisRunner has terminated.
Mono: successfully reloaded assembly
- Completed reload, in  0.609 seconds
Platform modules already initialized, skipping
========================================================================
Worker process is ready to serve import requests
Launched and connected shader compiler UnityShaderCompiler.exe after 0.03 seconds
Refreshing native plugins compatible for Editor in 0.31 ms, found 0 plugins.
Preloading 0 native plugins for Editor in 0.00 ms.
Unloading 1113 Unused Serialized files (Serialized files now loaded: 0)
System memory in use before: 56.9 MB.
System memory in use after: 57.0 MB.

Unloading 10 unused Assets to reduce memory usage. Loaded Objects now: 1555.
Total: 1.183800 ms (FindLiveObjects: 0.129700 ms CreateObjectMapping: 0.035600 ms MarkObjects: 0.965300 ms  DeleteObjects: 0.052500 ms)

========================================================================
Received Import Request.
  path: Assets
  artifactKey: Guid(00000000000000001000000000000000) Importer(815301076,1909f56bfc062723c751e8b465ee728b)
Start importing Assets using Guid(00000000000000001000000000000000) Importer(815301076,1909f56bfc062723c751e8b465ee728b)  -> (artifact id: '42baae205c97e3337697759514652acd') in 0.006112 seconds
  Import took 0.007608 seconds .

========================================================================
Received Prepare
Refreshing native plugins compatible for Editor in 0.49 ms, found 0 plugins.
Preloading 0 native plugins for Editor in 0.00 ms.
Unloading 3 Unused Serialized files (Serialized files now loaded: 0)
System memory in use before: 34.8 MB.
System memory in use after: 34.9 MB.

Unloading 3 unused Assets to reduce memory usage. Loaded Objects now: 1555.
Total: 1.097500 ms (FindLiveObjects: 0.112700 ms CreateObjectMapping: 0.031800 ms MarkObjects: 0.919400 ms  DeleteObjects: 0.032900 ms)

========================================================================
Received Import Request.
  Time since last request: 5.801446 seconds.
  path: Assets/New Folder
  artifactKey: Guid(8131462b2a6fbac4e8e4889eebeb97f2) Importer(815301076,1909f56bfc062723c751e8b465ee728b)
Start importing Assets/New Folder using Guid(8131462b2a6fbac4e8e4889eebeb97f2) Importer(815301076,1909f56bfc062723c751e8b465ee728b)  -> (artifact id: '976fcffcff343384a7dfc420edd46081') in 0.004549 seconds
  Import took 0.006038 seconds .

========================================================================
Received Import Request.
  Time since last request: 13.943820 seconds.
  path: Assets/Material
  artifactKey: Guid(8131462b2a6fbac4e8e4889eebeb97f2) Importer(815301076,1909f56bfc062723c751e8b465ee728b)
Start importing Assets/Material using Guid(8131462b2a6fbac4e8e4889eebeb97f2) Importer(815301076,1909f56bfc062723c751e8b465ee728b)  -> (artifact id: '26cee855916957ba67e3bc4011b86efb') in 0.004053 seconds
  Import took 0.005509 seconds .

========================================================================
Received Import Request.
  Time since last request: 8.773656 seconds.
  path: Assets/Material/black.mat
  artifactKey: Guid(173bc84389d0cd544b49a080b5fdb8c7) Importer(815301076,1909f56bfc062723c751e8b465ee728b)
Start importing Assets/Material/black.mat using Guid(173bc84389d0cd544b49a080b5fdb8c7) Importer(815301076,1909f56bfc062723c751e8b465ee728b)  -> (artifact id: '14c69ac535075179f60de54ff0974244') in 0.105241 seconds
  Import took 0.106717 seconds .

========================================================================
Received Import Request.
  Time since last request: 96.430817 seconds.
  path: Assets/Prefabs
  artifactKey: Guid(c651e29cffe45da4aab6b353e854690c) Importer(815301076,1909f56bfc062723c751e8b465ee728b)
Start importing Assets/Prefabs using Guid(c651e29cffe45da4aab6b353e854690c) Importer(815301076,1909f56bfc062723c751e8b465ee728b)  -> (artifact id: 'c16611c0528ee7ead92739a888010e2e') in 0.005723 seconds
  Import took 0.007446 seconds .

========================================================================
Received Prepare
Registering precompiled user dll's ...
Registered in 0.000308 seconds.
Begin MonoManager ReloadAssembly
Native extension for WindowsStandalone target not found
Refreshing native plugins compatible for Editor in 0.16 ms, found 0 plugins.
Preloading 0 native plugins for Editor in 0.00 ms.
Invoked RoslynAnalysisRunner static constructor.
RoslynAnalysisRunner will not be running.
RoslynAnalysisRunner has terminated.
Mono: successfully reloaded assembly
- Completed reload, in  0.567 seconds
Platform modules already initialized, skipping
Refreshing native plugins compatible for Editor in 0.16 ms, found 0 plugins.
Preloading 0 native plugins for Editor in 0.00 ms.
Unloading 1108 Unused Serialized files (Serialized files now loaded: 0)
System memory in use before: 60.2 MB.
System memory in use after: 60.3 MB.

Unloading 5 unused Assets to reduce memory usage. Loaded Objects now: 1598.
Total: 1.360400 ms (FindLiveObjects: 0.127000 ms CreateObjectMapping: 0.028600 ms MarkObjects: 1.169400 ms  DeleteObjects: 0.034500 ms)

========================================================================
Received Import Request.
  Time since last request: 201.089930 seconds.
  path: Assets/test.cs
  artifactKey: Guid(50b7598702b88af438afe580b56ae03d) Importer(815301076,1909f56bfc062723c751e8b465ee728b)
Start importing Assets/test.cs using Guid(50b7598702b88af438afe580b56ae03d) Importer(815301076,1909f56bfc062723c751e8b465ee728b)  -> (artifact id: 'fbf9c32e6a8cd76249aadff2bb2bf78f') in 0.006824 seconds
  Import took 0.008609 seconds .

========================================================================
Received Prepare
Registering precompiled user dll's ...
Registered in 0.000341 seconds.
Begin MonoManager ReloadAssembly
Native extension for WindowsStandalone target not found
Refreshing native plugins compatible for Editor in 0.16 ms, found 0 plugins.
Preloading 0 native plugins for Editor in 0.00 ms.
Invoked RoslynAnalysisRunner static constructor.
RoslynAnalysisRunner will not be running.
RoslynAnalysisRunner has terminated.
Mono: successfully reloaded assembly
- Completed reload, in  0.574 seconds
Platform modules already initialized, skipping
Refreshing native plugins compatible for Editor in 0.17 ms, found 0 plugins.
Preloading 0 native plugins for Editor in 0.00 ms.
Unloading 1109 Unused Serialized files (Serialized files now loaded: 0)
System memory in use before: 60.3 MB.
System memory in use after: 60.3 MB.

Unloading 5 unused Assets to reduce memory usage. Loaded Objects now: 1602.
Total: 1.237500 ms (FindLiveObjects: 0.122900 ms CreateObjectMapping: 0.031700 ms MarkObjects: 1.046200 ms  DeleteObjects: 0.035700 ms)

========================================================================
Received Prepare
Registering precompiled user dll's ...
Registered in 0.000280 seconds.
Begin MonoManager ReloadAssembly
Native extension for WindowsStandalone target not found
Refreshing native plugins compatible for Editor in 0.17 ms, found 0 plugins.
Preloading 0 native plugins for Editor in 0.00 ms.
Invoked RoslynAnalysisRunner static constructor.
RoslynAnalysisRunner will not be running.
RoslynAnalysisRunner has terminated.
Mono: successfully reloaded assembly
- Completed reload, in  0.563 seconds
Platform modules already initialized, skipping
Refreshing native plugins compatible for Editor in 0.17 ms, found 0 plugins.
Preloading 0 native plugins for Editor in 0.00 ms.
Unloading 1108 Unused Serialized files (Serialized files now loaded: 0)
System memory in use before: 60.3 MB.
System memory in use after: 60.4 MB.

Unloading 6 unused Assets to reduce memory usage. Loaded Objects now: 1604.
Total: 1.537300 ms (FindLiveObjects: 0.194500 ms CreateObjectMapping: 0.069700 ms MarkObjects: 1.232500 ms  DeleteObjects: 0.039700 ms)

========================================================================
Received Import Request.
  Time since last request: 457.137286 seconds.
  path: Assets/Scripts
  artifactKey: Guid(5f3c36a37e7428f4683cebb3a8266ef6) Importer(815301076,1909f56bfc062723c751e8b465ee728b)
Start importing Assets/Scripts using Guid(5f3c36a37e7428f4683cebb3a8266ef6) Importer(815301076,1909f56bfc062723c751e8b465ee728b)  -> (artifact id: '6e1ca7bdbd81dba0f2409db52709ce7c') in 0.006406 seconds
  Import took 0.008180 seconds .

========================================================================
Received Import Request.
  Time since last request: 17.269298 seconds.
  path: Assets/Scripts/Pool.cs
  artifactKey: Guid(2e2a9f4caa5727946b335081ebc8b77a) Importer(815301076,1909f56bfc062723c751e8b465ee728b)
Start importing Assets/Scripts/Pool.cs using Guid(2e2a9f4caa5727946b335081ebc8b77a) Importer(815301076,1909f56bfc062723c751e8b465ee728b)  -> (artifact id: '99e33738e4f21e41dcc7e4f082ab9462') in 0.004093 seconds
  Import took 0.005613 seconds .

========================================================================
Received Prepare
Registering precompiled user dll's ...
Registered in 0.000301 seconds.
Begin MonoManager ReloadAssembly
Native extension for WindowsStandalone target not found
Refreshing native plugins compatible for Editor in 0.17 ms, found 0 plugins.
Preloading 0 native plugins for Editor in 0.00 ms.
Invoked RoslynAnalysisRunner static constructor.
RoslynAnalysisRunner will not be running.
RoslynAnalysisRunner has terminated.
Mono: successfully reloaded assembly
- Completed reload, in  0.545 seconds
Platform modules already initialized, skipping
Refreshing native plugins compatible for Editor in 0.16 ms, found 0 plugins.
Preloading 0 native plugins for Editor in 0.00 ms.
Unloading 1109 Unused Serialized files (Serialized files now loaded: 0)
System memory in use before: 60.3 MB.
System memory in use after: 60.4 MB.

Unloading 5 unused Assets to reduce memory usage. Loaded Objects now: 1608.
Total: 1.316300 ms (FindLiveObjects: 0.129700 ms CreateObjectMapping: 0.028000 ms MarkObjects: 1.117500 ms  DeleteObjects: 0.040000 ms)

========================================================================
Received Import Request.
  Time since last request: 9.851745 seconds.
  path: Assets/Scripts/New Folder
  artifactKey: Guid(4b86d1be2b9c8d740b99d3342da276a3) Importer(815301076,1909f56bfc062723c751e8b465ee728b)
Start importing Assets/Scripts/New Folder using Guid(4b86d1be2b9c8d740b99d3342da276a3) Importer(815301076,1909f56bfc062723c751e8b465ee728b)  -> (artifact id: 'aae66f0df39aaa63519da709534b674d') in 0.002535 seconds
  Import took 0.003980 seconds .

========================================================================
Received Prepare
Registering precompiled user dll's ...
Registered in 0.000323 seconds.
Begin MonoManager ReloadAssembly
Native extension for WindowsStandalone target not found
Refreshing native plugins compatible for Editor in 0.17 ms, found 0 plugins.
Preloading 0 native plugins for Editor in 0.00 ms.
Invoked RoslynAnalysisRunner static constructor.
RoslynAnalysisRunner will not be running.
RoslynAnalysisRunner has terminated.
Mono: successfully reloaded assembly
- Completed reload, in  0.559 seconds
Platform modules already initialized, skipping
Refreshing native plugins compatible for Editor in 0.16 ms, found 0 plugins.
Preloading 0 native plugins for Editor in 0.00 ms.
Unloading 1110 Unused Serialized files (Serialized files now loaded: 0)
System memory in use before: 60.4 MB.
System memory in use after: 60.4 MB.

Unloading 5 unused Assets to reduce memory usage. Loaded Objects now: 1612.
Total: 1.322400 ms (FindLiveObjects: 0.116100 ms CreateObjectMapping: 0.028300 ms MarkObjects: 1.140100 ms  DeleteObjects: 0.037400 ms)

========================================================================
Received Import Request.
  Time since last request: 12.782920 seconds.
  path: Assets/Scripts/Poolable.cs
  artifactKey: Guid(9a23f09101818314d8d79719e6f1c000) Importer(815301076,1909f56bfc062723c751e8b465ee728b)
Start importing Assets/Scripts/Poolable.cs using Guid(9a23f09101818314d8d79719e6f1c000) Importer(815301076,1909f56bfc062723c751e8b465ee728b)  -> (artifact id: '1085c39f8fb4e3b187648c1e25417de3') in 0.005404 seconds
  Import took 0.006827 seconds .

========================================================================
Received Import Request.
  Time since last request: 9.406242 seconds.
  path: Assets/Scripts/PoolableObject.cs
  artifactKey: Guid(9a23f09101818314d8d79719e6f1c000) Importer(815301076,1909f56bfc062723c751e8b465ee728b)
Start importing Assets/Scripts/PoolableObject.cs using Guid(9a23f09101818314d8d79719e6f1c000) Importer(815301076,1909f56bfc062723c751e8b465ee728b)  -> (artifact id: 'e99937ced04b443e6d7ed18abb7231c0') in 0.006276 seconds
  Import took 0.008737 seconds .

========================================================================
Received Prepare
Registering precompiled user dll's ...
Registered in 0.000614 seconds.
Begin MonoManager ReloadAssembly
Native extension for WindowsStandalone target not found
Refreshing native plugins compatible for Editor in 0.17 ms, found 0 plugins.
Preloading 0 native plugins for Editor in 0.00 ms.
Invoked RoslynAnalysisRunner static constructor.
RoslynAnalysisRunner will not be running.
RoslynAnalysisRunner has terminated.
Mono: successfully reloaded assembly
- Completed reload, in  0.594 seconds
Platform modules already initialized, skipping
Refreshing native plugins compatible for Editor in 0.17 ms, found 0 plugins.
Preloading 0 native plugins for Editor in 0.00 ms.
Unloading 1110 Unused Serialized files (Serialized files now loaded: 0)
System memory in use before: 60.4 MB.
System memory in use after: 60.4 MB.

Unloading 5 unused Assets to reduce memory usage. Loaded Objects now: 1615.
Total: 1.506000 ms (FindLiveObjects: 0.212500 ms CreateObjectMapping: 0.039000 ms MarkObjects: 1.200300 ms  DeleteObjects: 0.053100 ms)

========================================================================
Received Import Request.
  Time since last request: 14.044883 seconds.
  path: Assets/Scripts/PoolManager.cs
  artifactKey: Guid(7b6c87dc55776e64f80113c9e56a3477) Importer(815301076,1909f56bfc062723c751e8b465ee728b)
Start importing Assets/Scripts/PoolManager.cs using Guid(7b6c87dc55776e64f80113c9e56a3477) Importer(815301076,1909f56bfc062723c751e8b465ee728b)  -> (artifact id: '2fac79965693dc4fe1c549d2cea251d2') in 0.005672 seconds
  Import took 0.007280 seconds .

========================================================================
Received Prepare
Registering precompiled user dll's ...
Registered in 0.000330 seconds.
Begin MonoManager ReloadAssembly
Native extension for WindowsStandalone target not found
Refreshing native plugins compatible for Editor in 0.17 ms, found 0 plugins.
Preloading 0 native plugins for Editor in 0.00 ms.
Invoked RoslynAnalysisRunner static constructor.
RoslynAnalysisRunner will not be running.
RoslynAnalysisRunner has terminated.
Mono: successfully reloaded assembly
- Completed reload, in  0.571 seconds
Platform modules already initialized, skipping
Refreshing native plugins compatible for Editor in 0.16 ms, found 0 plugins.
Preloading 0 native plugins for Editor in 0.00 ms.
Unloading 1111 Unused Serialized files (Serialized files now loaded: 0)
System memory in use before: 60.4 MB.
System memory in use after: 60.5 MB.

Unloading 5 unused Assets to reduce memory usage. Loaded Objects now: 1619.
Total: 1.397700 ms (FindLiveObjects: 0.139300 ms CreateObjectMapping: 0.037700 ms MarkObjects: 1.184600 ms  DeleteObjects: 0.035200 ms)

========================================================================
Received Import Request.
  Time since last request: 21.709489 seconds.
  path: Assets/Scripts/PoolScritableObject.cs
  artifactKey: Guid(b15c9002ed4b6184ba8fb220c175dc56) Importer(815301076,1909f56bfc062723c751e8b465ee728b)
Start importing Assets/Scripts/PoolScritableObject.cs using Guid(b15c9002ed4b6184ba8fb220c175dc56) Importer(815301076,1909f56bfc062723c751e8b465ee728b)  -> (artifact id: '70babb759a1080d9f202afe1a1ead520') in 0.005390 seconds
  Import took 0.006911 seconds .

========================================================================
Received Prepare
Registering precompiled user dll's ...
Registered in 0.000329 seconds.
Begin MonoManager ReloadAssembly
Native extension for WindowsStandalone target not found
Refreshing native plugins compatible for Editor in 0.18 ms, found 0 plugins.
Preloading 0 native plugins for Editor in 0.00 ms.
Invoked RoslynAnalysisRunner static constructor.
RoslynAnalysisRunner will not be running.
RoslynAnalysisRunner has terminated.
Mono: successfully reloaded assembly
- Completed reload, in  0.566 seconds
Platform modules already initialized, skipping
Refreshing native plugins compatible for Editor in 0.18 ms, found 0 plugins.
Preloading 0 native plugins for Editor in 0.00 ms.
Unloading 1112 Unused Serialized files (Serialized files now loaded: 0)
System memory in use before: 60.4 MB.
System memory in use after: 60.5 MB.

Unloading 5 unused Assets to reduce memory usage. Loaded Objects now: 1623.
Total: 1.284200 ms (FindLiveObjects: 0.115800 ms CreateObjectMapping: 0.028100 ms MarkObjects: 1.104100 ms  DeleteObjects: 0.035500 ms)

========================================================================
Received Import Request.
  Time since last request: 12.680691 seconds.
  path: Assets/Scripts/PoolScriptableObject.cs
  artifactKey: Guid(b15c9002ed4b6184ba8fb220c175dc56) Importer(815301076,1909f56bfc062723c751e8b465ee728b)
Start importing Assets/Scripts/PoolScriptableObject.cs using Guid(b15c9002ed4b6184ba8fb220c175dc56) Importer(815301076,1909f56bfc062723c751e8b465ee728b)  -> (artifact id: 'a394ab9dcb139d29ad69b798d3bdb6cf') in 0.005495 seconds
  Import took 0.007059 seconds .

========================================================================
Received Prepare
Registering precompiled user dll's ...
Registered in 0.000307 seconds.
Begin MonoManager ReloadAssembly
Native extension for WindowsStandalone target not found
Refreshing native plugins compatible for Editor in 0.19 ms, found 0 plugins.
Preloading 0 native plugins for Editor in 0.00 ms.
Invoked RoslynAnalysisRunner static constructor.
RoslynAnalysisRunner will not be running.
RoslynAnalysisRunner has terminated.
Mono: successfully reloaded assembly
- Completed reload, in  0.558 seconds
Platform modules already initialized, skipping
Refreshing native plugins compatible for Editor in 0.16 ms, found 0 plugins.
Preloading 0 native plugins for Editor in 0.00 ms.
Unloading 1112 Unused Serialized files (Serialized files now loaded: 0)
System memory in use before: 60.4 MB.
System memory in use after: 60.5 MB.

Unloading 5 unused Assets to reduce memory usage. Loaded Objects now: 1626.
Total: 1.367500 ms (FindLiveObjects: 0.115600 ms CreateObjectMapping: 0.030500 ms MarkObjects: 1.183800 ms  DeleteObjects: 0.036600 ms)

========================================================================
Received Import Request.
  Time since last request: 58.479631 seconds.
  path: Assets/Prefabs/Sphere.prefab
  artifactKey: Guid(6a611ee1b34de7542a68c91a13039f7f) Importer(815301076,1909f56bfc062723c751e8b465ee728b)
Start importing Assets/Prefabs/Sphere.prefab using Guid(6a611ee1b34de7542a68c91a13039f7f) Importer(815301076,1909f56bfc062723c751e8b465ee728b)  -> (artifact id: 'e8b33596d4d5a877234b03ad1056b477') in 0.045953 seconds
  Import took 0.047716 seconds .

========================================================================
Received Import Request.
  Time since last request: 1.993796 seconds.
  path: Assets/Prefabs/Capsule.prefab
  artifactKey: Guid(75ce76fc9b75daa4fbbc48bf669bb56e) Importer(815301076,1909f56bfc062723c751e8b465ee728b)
Start importing Assets/Prefabs/Capsule.prefab using Guid(75ce76fc9b75daa4fbbc48bf669bb56e) Importer(815301076,1909f56bfc062723c751e8b465ee728b)  -> (artifact id: 'edc8a3d2269a9ec0d8bd2325f97d285d') in 0.010900 seconds
  Import took 0.012789 seconds .

========================================================================
Received Import Request.
  Time since last request: 0.001666 seconds.
  path: Assets/Prefabs/Capsule.prefab
  artifactKey: Guid(75ce76fc9b75daa4fbbc48bf669bb56e) Importer(815301076,1909f56bfc062723c751e8b465ee728b)
Start importing Assets/Prefabs/Capsule.prefab using Guid(75ce76fc9b75daa4fbbc48bf669bb56e) Importer(815301076,1909f56bfc062723c751e8b465ee728b)  -> (artifact id: 'edc8a3d2269a9ec0d8bd2325f97d285d') in 0.005136 seconds
  Import took 0.006604 seconds .

========================================================================
Received Import Request.
  Time since last request: 93.347825 seconds.
  path: Assets/Prefabs/Cube.prefab
  artifactKey: Guid(dd4379da82e784940af36655ba5d7072) Importer(815301076,1909f56bfc062723c751e8b465ee728b)
Start importing Assets/Prefabs/Cube.prefab using Guid(dd4379da82e784940af36655ba5d7072) Importer(815301076,1909f56bfc062723c751e8b465ee728b)  -> (artifact id: 'c284dbf856b13ac3ed053bb3c74320f9') in 0.010280 seconds
  Import took 0.011872 seconds .

========================================================================
Received Import Request.
  Time since last request: 0.002708 seconds.
  path: Assets/Prefabs/Cube.prefab
  artifactKey: Guid(dd4379da82e784940af36655ba5d7072) Importer(815301076,1909f56bfc062723c751e8b465ee728b)
Start importing Assets/Prefabs/Cube.prefab using Guid(dd4379da82e784940af36655ba5d7072) Importer(815301076,1909f56bfc062723c751e8b465ee728b)  -> (artifact id: 'c284dbf856b13ac3ed053bb3c74320f9') in 0.004771 seconds
  Import took 0.006741 seconds .

========================================================================
Received Import Request.
  Time since last request: 24.825983 seconds.
  path: Assets/Scenes
  artifactKey: Guid(dc7d64da9e2753a4786ce921c91088fd) Importer(815301076,1909f56bfc062723c751e8b465ee728b)
Start importing Assets/Scenes using Guid(dc7d64da9e2753a4786ce921c91088fd) Importer(815301076,1909f56bfc062723c751e8b465ee728b)  -> (artifact id: '9da1937c6e4e5f778c227ee85466b693') in 0.004260 seconds
  Import took 0.005719 seconds .

========================================================================
Received Prepare
Registering precompiled user dll's ...
Registered in 0.000354 seconds.
Begin MonoManager ReloadAssembly
Native extension for WindowsStandalone target not found
Refreshing native plugins compatible for Editor in 0.18 ms, found 0 plugins.
Preloading 0 native plugins for Editor in 0.00 ms.
Invoked RoslynAnalysisRunner static constructor.
RoslynAnalysisRunner will not be running.
RoslynAnalysisRunner has terminated.
Mono: successfully reloaded assembly
- Completed reload, in  0.577 seconds
Platform modules already initialized, skipping
Refreshing native plugins compatible for Editor in 0.16 ms, found 0 plugins.
Preloading 0 native plugins for Editor in 0.00 ms.
Unloading 1112 Unused Serialized files (Serialized files now loaded: 0)
System memory in use before: 60.5 MB.
System memory in use after: 60.6 MB.

Unloading 6 unused Assets to reduce memory usage. Loaded Objects now: 1633.
Total: 1.315800 ms (FindLiveObjects: 0.134600 ms CreateObjectMapping: 0.041000 ms MarkObjects: 1.094000 ms  DeleteObjects: 0.045200 ms)

========================================================================
Received Import Request.
  Time since last request: 179.407869 seconds.
  path: Assets/Scripts/PoolableObject.cs
  artifactKey: Guid(9a23f09101818314d8d79719e6f1c000) Importer(815301076,1909f56bfc062723c751e8b465ee728b)
Start importing Assets/Scripts/PoolableObject.cs using Guid(9a23f09101818314d8d79719e6f1c000) Importer(815301076,1909f56bfc062723c751e8b465ee728b)  -> (artifact id: 'e623de7d5d9d62b07c6b0c21fa051980') in 0.002569 seconds
  Import took 0.004305 seconds .

========================================================================
Received Import Request.
  Time since last request: 355.441507 seconds.
  path: Assets/Scripts/Pool.cs
  artifactKey: Guid(2e2a9f4caa5727946b335081ebc8b77a) Importer(815301076,1909f56bfc062723c751e8b465ee728b)
Start importing Assets/Scripts/Pool.cs using Guid(2e2a9f4caa5727946b335081ebc8b77a) Importer(815301076,1909f56bfc062723c751e8b465ee728b)  -> (artifact id: '5ab5fabca2c09d668a72dd5cf3f5288a') in 0.004503 seconds
  Import took 0.007025 seconds .

========================================================================
Received Prepare
Registering precompiled user dll's ...
Registered in 0.000361 seconds.
Begin MonoManager ReloadAssembly
Native extension for WindowsStandalone target not found
Refreshing native plugins compatible for Editor in 0.16 ms, found 0 plugins.
Preloading 0 native plugins for Editor in 0.00 ms.
Invoked RoslynAnalysisRunner static constructor.
RoslynAnalysisRunner will not be running.
RoslynAnalysisRunner has terminated.
Mono: successfully reloaded assembly
- Completed reload, in  0.558 seconds
Platform modules already initialized, skipping
Refreshing native plugins compatible for Editor in 0.16 ms, found 0 plugins.
Preloading 0 native plugins for Editor in 0.00 ms.
Unloading 1112 Unused Serialized files (Serialized files now loaded: 0)
System memory in use before: 60.5 MB.
System memory in use after: 60.6 MB.

Unloading 5 unused Assets to reduce memory usage. Loaded Objects now: 1636.
Total: 1.179300 ms (FindLiveObjects: 0.129700 ms CreateObjectMapping: 0.032900 ms MarkObjects: 0.978100 ms  DeleteObjects: 0.037600 ms)

========================================================================
Received Import Request.
  Time since last request: 156.700330 seconds.
  path: Assets/Scripts/Pool.cs
  artifactKey: Guid(2e2a9f4caa5727946b335081ebc8b77a) Importer(815301076,1909f56bfc062723c751e8b465ee728b)
Start importing Assets/Scripts/Pool.cs using Guid(2e2a9f4caa5727946b335081ebc8b77a) Importer(815301076,1909f56bfc062723c751e8b465ee728b)  -> (artifact id: 'cc2a3db09b6817f1b38e08b92918e2e6') in 0.006385 seconds
  Import took 0.008370 seconds .

========================================================================
Received Import Request.
  Time since last request: 59.170126 seconds.
  path: Assets/Scripts/Pool.cs
  artifactKey: Guid(2e2a9f4caa5727946b335081ebc8b77a) Importer(815301076,1909f56bfc062723c751e8b465ee728b)
Start importing Assets/Scripts/Pool.cs using Guid(2e2a9f4caa5727946b335081ebc8b77a) Importer(815301076,1909f56bfc062723c751e8b465ee728b)  -> (artifact id: '715759acbcb58516c0647c8b580cb58e') in 0.001311 seconds
  Import took 0.003390 seconds .

========================================================================
Received Import Request.
  Time since last request: 36.319078 seconds.
  path: Assets/Scripts/Pool.cs
  artifactKey: Guid(2e2a9f4caa5727946b335081ebc8b77a) Importer(815301076,1909f56bfc062723c751e8b465ee728b)
Start importing Assets/Scripts/Pool.cs using Guid(2e2a9f4caa5727946b335081ebc8b77a) Importer(815301076,1909f56bfc062723c751e8b465ee728b)  -> (artifact id: '9a8be60c6ea939ab4d917e4097dd5dfa') in 0.001136 seconds
  Import took 0.002651 seconds .

========================================================================
Received Import Request.
  Time since last request: 210.615366 seconds.
  path: Assets/Scripts/PoolManager.cs
  artifactKey: Guid(7b6c87dc55776e64f80113c9e56a3477) Importer(815301076,1909f56bfc062723c751e8b465ee728b)
Start importing Assets/Scripts/PoolManager.cs using Guid(7b6c87dc55776e64f80113c9e56a3477) Importer(815301076,1909f56bfc062723c751e8b465ee728b)  -> (artifact id: 'db68887347b845639a021f90f4312ebb') in 0.001220 seconds
  Import took 0.003164 seconds .

========================================================================
Received Import Request.
  Time since last request: 145.530149 seconds.
  path: Assets/Scripts/PoolManager.cs
  artifactKey: Guid(7b6c87dc55776e64f80113c9e56a3477) Importer(815301076,1909f56bfc062723c751e8b465ee728b)
Start importing Assets/Scripts/PoolManager.cs using Guid(7b6c87dc55776e64f80113c9e56a3477) Importer(815301076,1909f56bfc062723c751e8b465ee728b)  -> (artifact id: '47f92c8886751457d62f1b91b7cb13cf') in 0.001165 seconds
  Import took 0.003234 seconds .

========================================================================
Received Import Request.
  Time since last request: 29.313158 seconds.
  path: Assets/Scripts/PoolManager.cs
  artifactKey: Guid(7b6c87dc55776e64f80113c9e56a3477) Importer(815301076,1909f56bfc062723c751e8b465ee728b)
Start importing Assets/Scripts/PoolManager.cs using Guid(7b6c87dc55776e64f80113c9e56a3477) Importer(815301076,1909f56bfc062723c751e8b465ee728b)  -> (artifact id: '070fbe513fe70b856ff3e4d5f7dc63d2') in 0.001164 seconds
  Import took 0.002772 seconds .

========================================================================
Received Import Request.
  Time since last request: 262.401321 seconds.
  path: Assets/Scripts/PoolManager.cs
  artifactKey: Guid(7b6c87dc55776e64f80113c9e56a3477) Importer(815301076,1909f56bfc062723c751e8b465ee728b)
Start importing Assets/Scripts/PoolManager.cs using Guid(7b6c87dc55776e64f80113c9e56a3477) Importer(815301076,1909f56bfc062723c751e8b465ee728b)  -> (artifact id: '0d7e4ab9b8c4577699211dfcbaaa75c1') in 0.001247 seconds
  Import took 0.003136 seconds .

========================================================================
Received Import Request.
  Time since last request: 50.643586 seconds.
  path: Assets/Scripts/PoolManager.cs
  artifactKey: Guid(7b6c87dc55776e64f80113c9e56a3477) Importer(815301076,1909f56bfc062723c751e8b465ee728b)
Start importing Assets/Scripts/PoolManager.cs using Guid(7b6c87dc55776e64f80113c9e56a3477) Importer(815301076,1909f56bfc062723c751e8b465ee728b)  -> (artifact id: '5b25f3e7a908f7bf8da0e57367a99d31') in 0.001146 seconds
  Import took 0.002704 seconds .

========================================================================
Received Import Request.
  Time since last request: 70.318445 seconds.
  path: Assets/Scripts/PoolManager.cs
  artifactKey: Guid(7b6c87dc55776e64f80113c9e56a3477) Importer(815301076,1909f56bfc062723c751e8b465ee728b)
Start importing Assets/Scripts/PoolManager.cs using Guid(7b6c87dc55776e64f80113c9e56a3477) Importer(815301076,1909f56bfc062723c751e8b465ee728b)  -> (artifact id: '05ccab2d0dd64890dea52734246e1d7d') in 0.001273 seconds
  Import took 0.003042 seconds .

========================================================================
Received Import Request.
  Time since last request: 58.710681 seconds.
  path: Assets/Scripts/ScriptTest.cs
  artifactKey: Guid(24f63c9a3f7489c4e8dd0563a8192f62) Importer(815301076,1909f56bfc062723c751e8b465ee728b)
Start importing Assets/Scripts/ScriptTest.cs using Guid(24f63c9a3f7489c4e8dd0563a8192f62) Importer(815301076,1909f56bfc062723c751e8b465ee728b)  -> (artifact id: '2279168312d12f2c59fb478fc15436e1') in 0.004244 seconds
  Import took 0.005934 seconds .

========================================================================
Received Import Request.
  Time since last request: 145.946025 seconds.
  path: Assets/Scripts/ScriptTest.cs
  artifactKey: Guid(24f63c9a3f7489c4e8dd0563a8192f62) Importer(815301076,1909f56bfc062723c751e8b465ee728b)
Start importing Assets/Scripts/ScriptTest.cs using Guid(24f63c9a3f7489c4e8dd0563a8192f62) Importer(815301076,1909f56bfc062723c751e8b465ee728b)  -> (artifact id: '12e136e8ba42a3202ba20d42c7188aad') in 0.001238 seconds
  Import took 0.002814 seconds .

========================================================================
Received Prepare
Registering precompiled user dll's ...
Registered in 0.000364 seconds.
Begin MonoManager ReloadAssembly
Native extension for WindowsStandalone target not found
Refreshing native plugins compatible for Editor in 0.18 ms, found 0 plugins.
Preloading 0 native plugins for Editor in 0.00 ms.
Invoked RoslynAnalysisRunner static constructor.
RoslynAnalysisRunner will not be running.
RoslynAnalysisRunner has terminated.
Mono: successfully reloaded assembly
- Completed reload, in  0.559 seconds
Platform modules already initialized, skipping
Refreshing native plugins compatible for Editor in 0.16 ms, found 0 plugins.
Preloading 0 native plugins for Editor in 0.00 ms.
Unloading 1113 Unused Serialized files (Serialized files now loaded: 0)
System memory in use before: 60.5 MB.
System memory in use after: 60.6 MB.

Unloading 5 unused Assets to reduce memory usage. Loaded Objects now: 1640.
Total: 1.389100 ms (FindLiveObjects: 0.120800 ms CreateObjectMapping: 0.034600 ms MarkObjects: 1.193700 ms  DeleteObjects: 0.039000 ms)

========================================================================
Received Import Request.
  Time since last request: 470.123967 seconds.
  path: Assets/Scripts/PoolableObject.cs
  artifactKey: Guid(9a23f09101818314d8d79719e6f1c000) Importer(815301076,1909f56bfc062723c751e8b465ee728b)
Start importing Assets/Scripts/PoolableObject.cs using Guid(9a23f09101818314d8d79719e6f1c000) Importer(815301076,1909f56bfc062723c751e8b465ee728b)  -> (artifact id: '32e2bddc695434b81906543a339518d8') in 0.002722 seconds
  Import took 0.004349 seconds .

========================================================================
Received Prepare
Registering precompiled user dll's ...
Registered in 0.000301 seconds.
Begin MonoManager ReloadAssembly
Native extension for WindowsStandalone target not found
Refreshing native plugins compatible for Editor in 0.17 ms, found 0 plugins.
Preloading 0 native plugins for Editor in 0.00 ms.
Invoked RoslynAnalysisRunner static constructor.
RoslynAnalysisRunner will not be running.
RoslynAnalysisRunner has terminated.
Mono: successfully reloaded assembly
- Completed reload, in  0.547 seconds
Platform modules already initialized, skipping
Refreshing native plugins compatible for Editor in 0.16 ms, found 0 plugins.
Preloading 0 native plugins for Editor in 0.00 ms.
Unloading 1113 Unused Serialized files (Serialized files now loaded: 0)
System memory in use before: 60.5 MB.
System memory in use after: 60.6 MB.

Unloading 5 unused Assets to reduce memory usage. Loaded Objects now: 1643.
Total: 1.345900 ms (FindLiveObjects: 0.133400 ms CreateObjectMapping: 0.038600 ms MarkObjects: 1.131700 ms  DeleteObjects: 0.040900 ms)

========================================================================
Received Prepare
Registering precompiled user dll's ...
Registered in 0.000733 seconds.
Begin MonoManager ReloadAssembly
Native extension for WindowsStandalone target not found
Refreshing native plugins compatible for Editor in 0.21 ms, found 0 plugins.
Preloading 0 native plugins for Editor in 0.00 ms.
Invoked RoslynAnalysisRunner static constructor.
RoslynAnalysisRunner will not be running.
RoslynAnalysisRunner has terminated.
Mono: successfully reloaded assembly
- Completed reload, in  0.571 seconds
Platform modules already initialized, skipping
Refreshing native plugins compatible for Editor in 0.17 ms, found 0 plugins.
Preloading 0 native plugins for Editor in 0.00 ms.
Unloading 1113 Unused Serialized files (Serialized files now loaded: 0)
System memory in use before: 60.5 MB.
System memory in use after: 60.6 MB.

Unloading 5 unused Assets to reduce memory usage. Loaded Objects now: 1646.
Total: 1.296500 ms (FindLiveObjects: 0.155200 ms CreateObjectMapping: 0.043900 ms MarkObjects: 1.056300 ms  DeleteObjects: 0.040100 ms)

========================================================================
Received Prepare
Registering precompiled user dll's ...
Registered in 0.000324 seconds.
Begin MonoManager ReloadAssembly
Native extension for WindowsStandalone target not found
Refreshing native plugins compatible for Editor in 0.17 ms, found 0 plugins.
Preloading 0 native plugins for Editor in 0.00 ms.
Invoked RoslynAnalysisRunner static constructor.
RoslynAnalysisRunner will not be running.
RoslynAnalysisRunner has terminated.
Mono: successfully reloaded assembly
- Completed reload, in  0.568 seconds
Platform modules already initialized, skipping
Refreshing native plugins compatible for Editor in 0.16 ms, found 0 plugins.
Preloading 0 native plugins for Editor in 0.00 ms.
Unloading 1113 Unused Serialized files (Serialized files now loaded: 0)
System memory in use before: 60.5 MB.
System memory in use after: 60.6 MB.

Unloading 5 unused Assets to reduce memory usage. Loaded Objects now: 1649.
Total: 1.171800 ms (FindLiveObjects: 0.117100 ms CreateObjectMapping: 0.026100 ms MarkObjects: 0.995400 ms  DeleteObjects: 0.032600 ms)

========================================================================
Received Prepare
Registering precompiled user dll's ...
Registered in 0.000333 seconds.
Begin MonoManager ReloadAssembly
Native extension for WindowsStandalone target not found
Refreshing native plugins compatible for Editor in 0.17 ms, found 0 plugins.
Preloading 0 native plugins for Editor in 0.00 ms.
Invoked RoslynAnalysisRunner static constructor.
RoslynAnalysisRunner will not be running.
RoslynAnalysisRunner has terminated.
Mono: successfully reloaded assembly
- Completed reload, in  0.553 seconds
Platform modules already initialized, skipping
Refreshing native plugins compatible for Editor in 0.16 ms, found 0 plugins.
Preloading 0 native plugins for Editor in 0.00 ms.
Unloading 1113 Unused Serialized files (Serialized files now loaded: 0)
System memory in use before: 60.5 MB.
System memory in use after: 60.6 MB.

Unloading 5 unused Assets to reduce memory usage. Loaded Objects now: 1652.
Total: 1.402500 ms (FindLiveObjects: 0.123800 ms CreateObjectMapping: 0.034600 ms MarkObjects: 1.201000 ms  DeleteObjects: 0.042500 ms)

========================================================================
Received Prepare
Registering precompiled user dll's ...
Registered in 0.000334 seconds.
Begin MonoManager ReloadAssembly
Native extension for WindowsStandalone target not found
Refreshing native plugins compatible for Editor in 0.18 ms, found 0 plugins.
Preloading 0 native plugins for Editor in 0.00 ms.
Invoked RoslynAnalysisRunner static constructor.
RoslynAnalysisRunner will not be running.
RoslynAnalysisRunner has terminated.
Mono: successfully reloaded assembly
- Completed reload, in  0.549 seconds
Platform modules already initialized, skipping
Refreshing native plugins compatible for Editor in 0.16 ms, found 0 plugins.
Preloading 0 native plugins for Editor in 0.00 ms.
Unloading 1113 Unused Serialized files (Serialized files now loaded: 0)
System memory in use before: 60.5 MB.
System memory in use after: 60.6 MB.

Unloading 5 unused Assets to reduce memory usage. Loaded Objects now: 1655.
Total: 1.193100 ms (FindLiveObjects: 0.114700 ms CreateObjectMapping: 0.027300 ms MarkObjects: 1.011500 ms  DeleteObjects: 0.038800 ms)

========================================================================
Received Prepare
Registering precompiled user dll's ...
Registered in 0.000288 seconds.
Begin MonoManager ReloadAssembly
Native extension for WindowsStandalone target not found
Refreshing native plugins compatible for Editor in 0.15 ms, found 0 plugins.
Preloading 0 native plugins for Editor in 0.00 ms.
Invoked RoslynAnalysisRunner static constructor.
RoslynAnalysisRunner will not be running.
RoslynAnalysisRunner has terminated.
Mono: successfully reloaded assembly
- Completed reload, in  0.553 seconds
Platform modules already initialized, skipping
Refreshing native plugins compatible for Editor in 0.16 ms, found 0 plugins.
Preloading 0 native plugins for Editor in 0.00 ms.
Unloading 1113 Unused Serialized files (Serialized files now loaded: 0)
System memory in use before: 60.5 MB.
System memory in use after: 60.6 MB.

Unloading 5 unused Assets to reduce memory usage. Loaded Objects now: 1658.
Total: 1.293600 ms (FindLiveObjects: 0.132900 ms CreateObjectMapping: 0.035000 ms MarkObjects: 1.082400 ms  DeleteObjects: 0.042000 ms)

========================================================================
Received Prepare
Registering precompiled user dll's ...
Registered in 0.000347 seconds.
Begin MonoManager ReloadAssembly
Native extension for WindowsStandalone target not found
Refreshing native plugins compatible for Editor in 0.17 ms, found 0 plugins.
Preloading 0 native plugins for Editor in 0.00 ms.
Invoked RoslynAnalysisRunner static constructor.
RoslynAnalysisRunner will not be running.
RoslynAnalysisRunner has terminated.
Mono: successfully reloaded assembly
- Completed reload, in  0.562 seconds
Platform modules already initialized, skipping
Refreshing native plugins compatible for Editor in 0.16 ms, found 0 plugins.
Preloading 0 native plugins for Editor in 0.00 ms.
Unloading 1113 Unused Serialized files (Serialized files now loaded: 0)
System memory in use before: 60.6 MB.
System memory in use after: 60.6 MB.

Unloading 5 unused Assets to reduce memory usage. Loaded Objects now: 1661.
Total: 1.284700 ms (FindLiveObjects: 0.182900 ms CreateObjectMapping: 0.043500 ms MarkObjects: 1.018600 ms  DeleteObjects: 0.038800 ms)

========================================================================
Received Prepare
Registering precompiled user dll's ...
Registered in 0.000306 seconds.
Begin MonoManager ReloadAssembly
Native extension for WindowsStandalone target not found
Refreshing native plugins compatible for Editor in 0.17 ms, found 0 plugins.
Preloading 0 native plugins for Editor in 0.00 ms.
Invoked RoslynAnalysisRunner static constructor.
RoslynAnalysisRunner will not be running.
RoslynAnalysisRunner has terminated.
Mono: successfully reloaded assembly
- Completed reload, in  0.556 seconds
Platform modules already initialized, skipping
Refreshing native plugins compatible for Editor in 0.16 ms, found 0 plugins.
Preloading 0 native plugins for Editor in 0.00 ms.
Unloading 1113 Unused Serialized files (Serialized files now loaded: 0)
System memory in use before: 60.6 MB.
System memory in use after: 60.6 MB.

Unloading 5 unused Assets to reduce memory usage. Loaded Objects now: 1664.
Total: 1.449200 ms (FindLiveObjects: 0.212000 ms CreateObjectMapping: 0.083000 ms MarkObjects: 1.112600 ms  DeleteObjects: 0.040700 ms)

========================================================================
Received Prepare
Registering precompiled user dll's ...
Registered in 0.000315 seconds.
Begin MonoManager ReloadAssembly
Native extension for WindowsStandalone target not found
Refreshing native plugins compatible for Editor in 0.17 ms, found 0 plugins.
Preloading 0 native plugins for Editor in 0.00 ms.
Invoked RoslynAnalysisRunner static constructor.
RoslynAnalysisRunner will not be running.
RoslynAnalysisRunner has terminated.
Mono: successfully reloaded assembly
- Completed reload, in  0.550 seconds
Platform modules already initialized, skipping
Refreshing native plugins compatible for Editor in 0.16 ms, found 0 plugins.
Preloading 0 native plugins for Editor in 0.00 ms.
Unloading 1113 Unused Serialized files (Serialized files now loaded: 0)
System memory in use before: 60.6 MB.
System memory in use after: 60.6 MB.

Unloading 5 unused Assets to reduce memory usage. Loaded Objects now: 1667.
Total: 1.408100 ms (FindLiveObjects: 0.154700 ms CreateObjectMapping: 0.032600 ms MarkObjects: 1.183200 ms  DeleteObjects: 0.036800 ms)

========================================================================
Received Import Request.
  Time since last request: 555.921358 seconds.
  path: Assets/Scripts/ScriptTest.cs
  artifactKey: Guid(24f63c9a3f7489c4e8dd0563a8192f62) Importer(815301076,1909f56bfc062723c751e8b465ee728b)
Start importing Assets/Scripts/ScriptTest.cs using Guid(24f63c9a3f7489c4e8dd0563a8192f62) Importer(815301076,1909f56bfc062723c751e8b465ee728b)  -> (artifact id: '518645f37bbc975991ae59430357d8cc') in 0.003416 seconds
  Import took 0.004998 seconds .

========================================================================
Received Prepare
Registering precompiled user dll's ...
Registered in 0.000322 seconds.
Begin MonoManager ReloadAssembly
Native extension for WindowsStandalone target not found
Refreshing native plugins compatible for Editor in 0.17 ms, found 0 plugins.
Preloading 0 native plugins for Editor in 0.00 ms.
Invoked RoslynAnalysisRunner static constructor.
RoslynAnalysisRunner will not be running.
RoslynAnalysisRunner has terminated.
Mono: successfully reloaded assembly
- Completed reload, in  0.540 seconds
Platform modules already initialized, skipping
Refreshing native plugins compatible for Editor in 0.17 ms, found 0 plugins.
Preloading 0 native plugins for Editor in 0.00 ms.
Unloading 1113 Unused Serialized files (Serialized files now loaded: 0)
System memory in use before: 60.6 MB.
System memory in use after: 60.7 MB.

Unloading 5 unused Assets to reduce memory usage. Loaded Objects now: 1670.
Total: 1.214000 ms (FindLiveObjects: 0.128500 ms CreateObjectMapping: 0.030400 ms MarkObjects: 1.017300 ms  DeleteObjects: 0.037100 ms)

========================================================================
Received Prepare
Registering precompiled user dll's ...
Registered in 0.000421 seconds.
Begin MonoManager ReloadAssembly
Native extension for WindowsStandalone target not found
Refreshing native plugins compatible for Editor in 0.18 ms, found 0 plugins.
Preloading 0 native plugins for Editor in 0.00 ms.
Invoked RoslynAnalysisRunner static constructor.
RoslynAnalysisRunner will not be running.
RoslynAnalysisRunner has terminated.
Mono: successfully reloaded assembly
- Completed reload, in  0.573 seconds
Platform modules already initialized, skipping
Refreshing native plugins compatible for Editor in 0.19 ms, found 0 plugins.
Preloading 0 native plugins for Editor in 0.00 ms.
Unloading 1113 Unused Serialized files (Serialized files now loaded: 0)
System memory in use before: 60.6 MB.
System memory in use after: 60.7 MB.

Unloading 5 unused Assets to reduce memory usage. Loaded Objects now: 1673.
Total: 1.410900 ms (FindLiveObjects: 0.127200 ms CreateObjectMapping: 0.032500 ms MarkObjects: 1.207000 ms  DeleteObjects: 0.043400 ms)

========================================================================
Received Import Request.
  Time since last request: 170.475914 seconds.
  path: Assets/Prefabs/Sphere.prefab
  artifactKey: Guid(6a611ee1b34de7542a68c91a13039f7f) Importer(815301076,1909f56bfc062723c751e8b465ee728b)
Start importing Assets/Prefabs/Sphere.prefab using Guid(6a611ee1b34de7542a68c91a13039f7f) Importer(815301076,1909f56bfc062723c751e8b465ee728b)  -> (artifact id: '36e567b673ed0753ab5b858cba23396b') in 0.046181 seconds
  Import took 0.047800 seconds .

========================================================================
Received Import Request.
  Time since last request: 128.949221 seconds.
  path: Assets/Prefabs/Cube.prefab
  artifactKey: Guid(dd4379da82e784940af36655ba5d7072) Importer(815301076,1909f56bfc062723c751e8b465ee728b)
Start importing Assets/Prefabs/Cube.prefab using Guid(dd4379da82e784940af36655ba5d7072) Importer(815301076,1909f56bfc062723c751e8b465ee728b)  -> (artifact id: '86b22b4308dd63ea41fccef99df7e125') in 0.011027 seconds
  Import took 0.012699 seconds .

========================================================================
Received Prepare
Registering precompiled user dll's ...
Registered in 0.000345 seconds.
Begin MonoManager ReloadAssembly
Native extension for WindowsStandalone target not found
Refreshing native plugins compatible for Editor in 0.17 ms, found 0 plugins.
Preloading 0 native plugins for Editor in 0.00 ms.
Invoked RoslynAnalysisRunner static constructor.
RoslynAnalysisRunner will not be running.
RoslynAnalysisRunner has terminated.
Mono: successfully reloaded assembly
- Completed reload, in  0.555 seconds
Platform modules already initialized, skipping
Refreshing native plugins compatible for Editor in 0.16 ms, found 0 plugins.
Preloading 0 native plugins for Editor in 0.00 ms.
Unloading 1113 Unused Serialized files (Serialized files now loaded: 0)
System memory in use before: 60.6 MB.
System memory in use after: 60.7 MB.

Unloading 6 unused Assets to reduce memory usage. Loaded Objects now: 1677.
Total: 1.231900 ms (FindLiveObjects: 0.122000 ms CreateObjectMapping: 0.032000 ms MarkObjects: 1.040100 ms  DeleteObjects: 0.037000 ms)

========================================================================
Received Import Request.
  Time since last request: 37.254822 seconds.
  path: Assets/Prefabs/Cube.prefab
  artifactKey: Guid(dd4379da82e784940af36655ba5d7072) Importer(815301076,1909f56bfc062723c751e8b465ee728b)
Start importing Assets/Prefabs/Cube.prefab using Guid(dd4379da82e784940af36655ba5d7072) Importer(815301076,1909f56bfc062723c751e8b465ee728b)  -> (artifact id: 'c9ec8446f33d4a5bd7dcc7533149cf96') in 0.038408 seconds
  Import took 0.039946 seconds .

========================================================================
Received Prepare
Registering precompiled user dll's ...
Registered in 0.000327 seconds.
Begin MonoManager ReloadAssembly
Native extension for WindowsStandalone target not found
Refreshing native plugins compatible for Editor in 0.18 ms, found 0 plugins.
Preloading 0 native plugins for Editor in 0.00 ms.
Invoked RoslynAnalysisRunner static constructor.
RoslynAnalysisRunner will not be running.
RoslynAnalysisRunner has terminated.
Mono: successfully reloaded assembly
- Completed reload, in  0.552 seconds
Platform modules already initialized, skipping
Refreshing native plugins compatible for Editor in 0.17 ms, found 0 plugins.
Preloading 0 native plugins for Editor in 0.00 ms.
Unloading 1113 Unused Serialized files (Serialized files now loaded: 0)
System memory in use before: 60.6 MB.
System memory in use after: 60.7 MB.

Unloading 6 unused Assets to reduce memory usage. Loaded Objects now: 1681.
Total: 1.364400 ms (FindLiveObjects: 0.186700 ms CreateObjectMapping: 0.076000 ms MarkObjects: 1.060800 ms  DeleteObjects: 0.040000 ms)

========================================================================
Received Prepare
Registering precompiled user dll's ...
Registered in 0.000365 seconds.
Begin MonoManager ReloadAssembly
Native extension for WindowsStandalone target not found
Refreshing native plugins compatible for Editor in 0.20 ms, found 0 plugins.
Preloading 0 native plugins for Editor in 0.00 ms.
Invoked RoslynAnalysisRunner static constructor.
RoslynAnalysisRunner will not be running.
RoslynAnalysisRunner has terminated.
Mono: successfully reloaded assembly
- Completed reload, in  0.578 seconds
Platform modules already initialized, skipping
Refreshing native plugins compatible for Editor in 0.17 ms, found 0 plugins.
Preloading 0 native plugins for Editor in 0.00 ms.
Unloading 1113 Unused Serialized files (Serialized files now loaded: 0)
System memory in use before: 60.6 MB.
System memory in use after: 60.7 MB.

Unloading 5 unused Assets to reduce memory usage. Loaded Objects now: 1684.
Total: 1.260300 ms (FindLiveObjects: 0.135800 ms CreateObjectMapping: 0.035800 ms MarkObjects: 1.053200 ms  DeleteObjects: 0.034500 ms)

========================================================================
Received Prepare
Registering precompiled user dll's ...
Registered in 0.000339 seconds.
Begin MonoManager ReloadAssembly
Native extension for WindowsStandalone target not found
Refreshing native plugins compatible for Editor in 0.18 ms, found 0 plugins.
Preloading 0 native plugins for Editor in 0.00 ms.
Invoked RoslynAnalysisRunner static constructor.
RoslynAnalysisRunner will not be running.
RoslynAnalysisRunner has terminated.
Mono: successfully reloaded assembly
- Completed reload, in  0.569 seconds
Platform modules already initialized, skipping
Refreshing native plugins compatible for Editor in 0.16 ms, found 0 plugins.
Preloading 0 native plugins for Editor in 0.00 ms.
Unloading 1113 Unused Serialized files (Serialized files now loaded: 0)
System memory in use before: 60.6 MB.
System memory in use after: 60.7 MB.

Unloading 5 unused Assets to reduce memory usage. Loaded Objects now: 1687.
Total: 1.192100 ms (FindLiveObjects: 0.119800 ms CreateObjectMapping: 0.031000 ms MarkObjects: 1.005500 ms  DeleteObjects: 0.034700 ms)

========================================================================
Received Prepare
Registering precompiled user dll's ...
Registered in 0.000308 seconds.
Begin MonoManager ReloadAssembly
Native extension for WindowsStandalone target not found
Refreshing native plugins compatible for Editor in 0.17 ms, found 0 plugins.
Preloading 0 native plugins for Editor in 0.00 ms.
Invoked RoslynAnalysisRunner static constructor.
RoslynAnalysisRunner will not be running.
RoslynAnalysisRunner has terminated.
Mono: successfully reloaded assembly
- Completed reload, in  0.570 seconds
Platform modules already initialized, skipping
Refreshing native plugins compatible for Editor in 0.16 ms, found 0 plugins.
Preloading 0 native plugins for Editor in 0.00 ms.
Unloading 1113 Unused Serialized files (Serialized files now loaded: 0)
System memory in use before: 60.6 MB.
System memory in use after: 60.7 MB.

Unloading 5 unused Assets to reduce memory usage. Loaded Objects now: 1690.
Total: 1.285200 ms (FindLiveObjects: 0.140600 ms CreateObjectMapping: 0.028600 ms MarkObjects: 1.077300 ms  DeleteObjects: 0.037600 ms)

========================================================================
Received Prepare
Registering precompiled user dll's ...
Registered in 0.000393 seconds.
Begin MonoManager ReloadAssembly
Native extension for WindowsStandalone target not found
Refreshing native plugins compatible for Editor in 0.17 ms, found 0 plugins.
Preloading 0 native plugins for Editor in 0.00 ms.
Invoked RoslynAnalysisRunner static constructor.
RoslynAnalysisRunner will not be running.
RoslynAnalysisRunner has terminated.
Mono: successfully reloaded assembly
- Completed reload, in  0.580 seconds
Platform modules already initialized, skipping
Refreshing native plugins compatible for Editor in 0.20 ms, found 0 plugins.
Preloading 0 native plugins for Editor in 0.00 ms.
Unloading 1113 Unused Serialized files (Serialized files now loaded: 0)
System memory in use before: 60.6 MB.
System memory in use after: 60.7 MB.

Unloading 5 unused Assets to reduce memory usage. Loaded Objects now: 1693.
Total: 1.217700 ms (FindLiveObjects: 0.113300 ms CreateObjectMapping: 0.033100 ms MarkObjects: 1.033300 ms  DeleteObjects: 0.037200 ms)

========================================================================
Received Prepare
Registering precompiled user dll's ...
Registered in 0.000339 seconds.
Begin MonoManager ReloadAssembly
Native extension for WindowsStandalone target not found
Refreshing native plugins compatible for Editor in 0.18 ms, found 0 plugins.
Preloading 0 native plugins for Editor in 0.00 ms.
Invoked RoslynAnalysisRunner static constructor.
RoslynAnalysisRunner will not be running.
RoslynAnalysisRunner has terminated.
Mono: successfully reloaded assembly
- Completed reload, in  0.574 seconds
Platform modules already initialized, skipping
Refreshing native plugins compatible for Editor in 0.17 ms, found 0 plugins.
Preloading 0 native plugins for Editor in 0.00 ms.
Unloading 1113 Unused Serialized files (Serialized files now loaded: 0)
System memory in use before: 60.6 MB.
System memory in use after: 60.7 MB.

Unloading 5 unused Assets to reduce memory usage. Loaded Objects now: 1696.
Total: 1.305000 ms (FindLiveObjects: 0.123600 ms CreateObjectMapping: 0.030500 ms MarkObjects: 1.112700 ms  DeleteObjects: 0.037400 ms)

========================================================================
Received Prepare
Registering precompiled user dll's ...
Registered in 0.000334 seconds.
Begin MonoManager ReloadAssembly
Native extension for WindowsStandalone target not found
Refreshing native plugins compatible for Editor in 0.17 ms, found 0 plugins.
Preloading 0 native plugins for Editor in 0.00 ms.
Invoked RoslynAnalysisRunner static constructor.
RoslynAnalysisRunner will not be running.
RoslynAnalysisRunner has terminated.
Mono: successfully reloaded assembly
- Completed reload, in  0.552 seconds
Platform modules already initialized, skipping
Refreshing native plugins compatible for Editor in 0.18 ms, found 0 plugins.
Preloading 0 native plugins for Editor in 0.00 ms.
Unloading 1113 Unused Serialized files (Serialized files now loaded: 0)
System memory in use before: 60.6 MB.
System memory in use after: 60.7 MB.

Unloading 5 unused Assets to reduce memory usage. Loaded Objects now: 1699.
Total: 1.297400 ms (FindLiveObjects: 0.113600 ms CreateObjectMapping: 0.027800 ms MarkObjects: 1.118600 ms  DeleteObjects: 0.036500 ms)

========================================================================
Received Prepare
Registering precompiled user dll's ...
Registered in 0.000315 seconds.
Begin MonoManager ReloadAssembly
Native extension for WindowsStandalone target not found
Refreshing native plugins compatible for Editor in 0.18 ms, found 0 plugins.
Preloading 0 native plugins for Editor in 0.00 ms.
Invoked RoslynAnalysisRunner static constructor.
RoslynAnalysisRunner will not be running.
RoslynAnalysisRunner has terminated.
Mono: successfully reloaded assembly
- Completed reload, in  0.556 seconds
Platform modules already initialized, skipping
Refreshing native plugins compatible for Editor in 0.17 ms, found 0 plugins.
Preloading 0 native plugins for Editor in 0.00 ms.
Unloading 1113 Unused Serialized files (Serialized files now loaded: 0)
System memory in use before: 60.6 MB.
System memory in use after: 60.7 MB.

Unloading 5 unused Assets to reduce memory usage. Loaded Objects now: 1702.
Total: 1.207100 ms (FindLiveObjects: 0.128800 ms CreateObjectMapping: 0.035100 ms MarkObjects: 1.004300 ms  DeleteObjects: 0.037400 ms)

========================================================================
Received Prepare
Registering precompiled user dll's ...
Registered in 0.000356 seconds.
Begin MonoManager ReloadAssembly
Native extension for WindowsStandalone target not found
Refreshing native plugins compatible for Editor in 0.17 ms, found 0 plugins.
Preloading 0 native plugins for Editor in 0.00 ms.
Invoked RoslynAnalysisRunner static constructor.
RoslynAnalysisRunner will not be running.
RoslynAnalysisRunner has terminated.
Mono: successfully reloaded assembly
- Completed reload, in  0.573 seconds
Platform modules already initialized, skipping
Refreshing native plugins compatible for Editor in 0.17 ms, found 0 plugins.
Preloading 0 native plugins for Editor in 0.00 ms.
Unloading 1113 Unused Serialized files (Serialized files now loaded: 0)
System memory in use before: 60.6 MB.
System memory in use after: 60.7 MB.

Unloading 5 unused Assets to reduce memory usage. Loaded Objects now: 1705.
Total: 1.202700 ms (FindLiveObjects: 0.116700 ms CreateObjectMapping: 0.028100 ms MarkObjects: 1.020600 ms  DeleteObjects: 0.036400 ms)

========================================================================
Received Prepare
Registering precompiled user dll's ...
Registered in 0.000332 seconds.
Begin MonoManager ReloadAssembly
Native extension for WindowsStandalone target not found
Refreshing native plugins compatible for Editor in 0.17 ms, found 0 plugins.
Preloading 0 native plugins for Editor in 0.00 ms.
Invoked RoslynAnalysisRunner static constructor.
RoslynAnalysisRunner will not be running.
RoslynAnalysisRunner has terminated.
Mono: successfully reloaded assembly
- Completed reload, in  0.565 seconds
Platform modules already initialized, skipping
Refreshing native plugins compatible for Editor in 0.18 ms, found 0 plugins.
Preloading 0 native plugins for Editor in 0.00 ms.
Unloading 1113 Unused Serialized files (Serialized files now loaded: 0)
System memory in use before: 60.6 MB.
System memory in use after: 60.7 MB.

Unloading 5 unused Assets to reduce memory usage. Loaded Objects now: 1708.
Total: 1.490300 ms (FindLiveObjects: 0.188500 ms CreateObjectMapping: 0.072900 ms MarkObjects: 1.184800 ms  DeleteObjects: 0.043100 ms)

========================================================================
Received Prepare
Registering precompiled user dll's ...
Registered in 0.000344 seconds.
Begin MonoManager ReloadAssembly
Native extension for WindowsStandalone target not found
Refreshing native plugins compatible for Editor in 0.17 ms, found 0 plugins.
Preloading 0 native plugins for Editor in 0.00 ms.
Invoked RoslynAnalysisRunner static constructor.
RoslynAnalysisRunner will not be running.
RoslynAnalysisRunner has terminated.
Mono: successfully reloaded assembly
- Completed reload, in  0.551 seconds
Platform modules already initialized, skipping
Refreshing native plugins compatible for Editor in 0.17 ms, found 0 plugins.
Preloading 0 native plugins for Editor in 0.00 ms.
Unloading 1113 Unused Serialized files (Serialized files now loaded: 0)
System memory in use before: 60.7 MB.
System memory in use after: 60.7 MB.

Unloading 5 unused Assets to reduce memory usage. Loaded Objects now: 1711.
Total: 1.381200 ms (FindLiveObjects: 0.172600 ms CreateObjectMapping: 0.047100 ms MarkObjects: 1.114500 ms  DeleteObjects: 0.045900 ms)

========================================================================
Received Prepare
Registering precompiled user dll's ...
Registered in 0.000282 seconds.
Begin MonoManager ReloadAssembly
Native extension for WindowsStandalone target not found
Refreshing native plugins compatible for Editor in 0.19 ms, found 0 plugins.
Preloading 0 native plugins for Editor in 0.00 ms.
Invoked RoslynAnalysisRunner static constructor.
RoslynAnalysisRunner will not be running.
RoslynAnalysisRunner has terminated.
Mono: successfully reloaded assembly
- Completed reload, in  0.559 seconds
Platform modules already initialized, skipping
Refreshing native plugins compatible for Editor in 0.16 ms, found 0 plugins.
Preloading 0 native plugins for Editor in 0.00 ms.
Unloading 1113 Unused Serialized files (Serialized files now loaded: 0)
System memory in use before: 60.7 MB.
System memory in use after: 60.7 MB.

Unloading 5 unused Assets to reduce memory usage. Loaded Objects now: 1714.
Total: 1.224400 ms (FindLiveObjects: 0.149800 ms CreateObjectMapping: 0.040700 ms MarkObjects: 0.994300 ms  DeleteObjects: 0.038900 ms)

========================================================================
Received Prepare
Registering precompiled user dll's ...
Registered in 0.000368 seconds.
Begin MonoManager ReloadAssembly
Native extension for WindowsStandalone target not found
Refreshing native plugins compatible for Editor in 0.17 ms, found 0 plugins.
Preloading 0 native plugins for Editor in 0.00 ms.
Invoked RoslynAnalysisRunner static constructor.
RoslynAnalysisRunner will not be running.
RoslynAnalysisRunner has terminated.
Mono: successfully reloaded assembly
- Completed reload, in  0.550 seconds
Platform modules already initialized, skipping
Refreshing native plugins compatible for Editor in 0.16 ms, found 0 plugins.
Preloading 0 native plugins for Editor in 0.00 ms.
Unloading 1113 Unused Serialized files (Serialized files now loaded: 0)
System memory in use before: 60.7 MB.
System memory in use after: 60.7 MB.

Unloading 5 unused Assets to reduce memory usage. Loaded Objects now: 1717.
Total: 1.247800 ms (FindLiveObjects: 0.128300 ms CreateObjectMapping: 0.032800 ms MarkObjects: 1.047600 ms  DeleteObjects: 0.037900 ms)

AssetImportWorkerClient::OnTransportError - code=2 error=End of file
